411929
254767620
230838460
258405304
174430935
254505638
837003257
75207189
253825432
256283283
834622972
258301262
837594101
248832054
834406518
648314574
37810872
254495358
255542601
255387001
164560806
830876044
255941901
72468417
249434662
253632666
74688287
643817688
253533297
243727489
255181126
224537023
251651484
246631301
255109055
252732113
254915736
839850337
832978419
33043447
254416277
260179834
254352049
246181234
836077521
254838548
249202245
5938754
249353485
246001755
247172597
246125685
7468219
180134040
174447874
250823229
648332586
18386773
1696411
253990239
837802765
255110439
245671033
255745292
836816147
255658549
601970465
255092013
254674798
191207557
253958768
833156011
12749652
310062664
249495069
72784828
254924331
183895719
753698629
14086082
648329886
256580699
836828930
255041590
832684893
6032350
251954708
837192250
720948199
252399476
314521620
72719079
602205460
249712583
255434447
254410760
254708088
255453621
635288420
255193679
245989101
254253362
254549827
181465753
254978366
47313854
258583643
1792670
247160947
610795524
162199655
76044906
611410878
76113019
258442801
252250251
247154639
74596221
835766456
15130889
255499520
254522279
253561333
8051402
224603365
836445340
315562572
183369761
75276005
254606187
648964117
837697412
647038660
248489213
248503999
254840675
84108332
246468816
835826793
50869617
257430844
648182520
76579558
246341619
247722256
248137757
258689649
11750641
255308073
830676758
836967558
255004410
174301904
833184148
837996423
833282431
254337288
254514563
75273896
258314201
75175511
254917256
255467261
255884490
255098287
246663533
249987113
257121746
4103796
253918188
254368766
256444837
839003595
836922469
230831649
249824760
72586445
836817037
254137623
30610147
246595313
249557582
254743652
833649242
249691412
5584512
833259356
254537070
648132674
649528097
237346944
836041407
248353180
247041900
249413995
249530555
251695585
246280793
614322519
830764561
258658930
648368079
833054830
248294596
254771034
260003420
254468695
255186849
255023515
611628364
247573665
246045186
254672219
835992280
254716091
552054461
833807850
648353078
248610467
837690963
254746648
838386713
833458912
249213022
162603140
833467539
253556327
46096236
76401022
255686722
980720
61816466
258755509
255436077
214292175
254261597
249831549
255547600
254520501
252838613
254061254
834486277
246263403
255904790
255797138
13883011
183207458
255399206
611970064
255460684
647376353
254843027
837601236
255913237
258151669
21940116
254986842
833748570
249292899
254645620
249416554
647963089
632872865
245973062
255820196
649496626
835924470
249172551
73631076
247745016
247501294
256727944
5943674
254988727
257373248
76226042
256946181
254577129
246314293
237216885
836994353
26725545
254760111
832206644
834796533
248041022
257710098
255654614
247499196
13761974
245818414
836058506
2987139
254517148
255227544
163820610
75674278
254072172
246782426
6563364
830799542
255142693
252036121
243822283
838038837
254606191
313001443
255289056
229911552
19564360
248336739
255460208
165271432
75544039
249663160
6381526
836582629
834419312
600750260
254176304
249855363
76627206
724400637
246006998
252616471
254069629
839005756
248579065
317920433
246119552
837035953
255241325
258256731
255287110
74676018
835809264
254950932
835665794
250687830
253819824
257958476
257539382
246755736
249387582
252080631
60205252
254315954
837608659
254630605
836512368
254945555
249914115
838372456
52662962
837105658
705561493
835779340
258230669
174542
255395900
257952743
836551671
183332798
162826248
254749329
75119986
648293914
246733828
179870750
252072216
257270533
75447079
249309801
254733454
838800029
245977620
61831326
46195775
254693249
249482748
832990559
73649753
247653613
255710312
659770904
47324722
836371989
255598939
255153571
247190766
250912041
255262175
164057271
838278833
174433004
73881294
255800337
255500621
254545037
73258236
255353299
830749029
254999305
251011924
839430333
646902471
246332428
250502729
8591721
52681346
255515707
256579569
832748303
837662971
245651562
254909472
246750478
237114459
225453449
311579999
252759454
247641599
255400939
74799278
247014590
164101903
231679300
1660506
34666649
247165977
254527035
251645882
839064667
838902166
4278136
255087198
255299578
74784828
9111342
255861837
632875384
255088533
254952922
249281053
552274714
246321436
839864523
249793264
249504620
224462720
255574799
255790823
832421948
246587090
837661347
249903348
254423221
255030154
160097462
249044574
246468017
257415307
836331407
611525018
74851589
246294823
252569419
256245577
839001803
249410773
649497416
219771881
255303440
254338817
255220648
256816766
163665555
611764113
74854790
836396360
255610511
833190576
251883515
162667784
255494967
236404385
21042591
254930921
833223118
246325694
251353559
255313992
247608033
255514489
7254676
838823660
255430371
45103547
835808069
315601972
76074096
246999303
830640999
835515915
255950301
835745891
254378557
253989425
255106287
277188390
255944816
832528867
256329325
637253879
257099666
255575823
249198180
254578677
231591394
76679974
312026832
311071687
24254164
255455169
249663255
257931812
253436548
833275246
246430764
248481266
29429191
74687746
31870097
258698572
255312324
247113733
263652604
837372469
255252850
249866125
254948389
843978489
76530247
255724016
754075098
255198120
165744
255167068
246238946
258111524
836120184
7172635
225639371
255548132
251420963
183208980
166050622
253977806
834175583
165945492
18523525
32783411
832425563
254936307
493077422
249401076
254456495
299854467
6799235
255893704
254250306
249247657
255216993
246617552
46071231
836516212
250310177
21132596
838118215
773175643
254584684
838005382
21305097
604253841
254687169
251366655
723622294
247760551
251409427
646938234
255306265
58763154
247752770
249170941
46157456
166044525
897645
255304135
2267891
255951738
248577194
6722523
243368927
837556856
257297175
255035849
245872001
255483705
254382937
311766036
255277191
838465001
249445533
74866199
257392036
246830512
258664638
35934013
700526874
184997901
254799843
837963468
255418711
254139762
831664307
832987673
230839190
257996576
246458274
254095022
256128713
8515722
5945508
254140891
255143302
255959155
254850006
246361384
181535404
252692920
249694929
7553706
245903336
254458494
247672492
67476
255355609
246999382
255499293
501567
247365070
220308830
248973977
248054959
76283828
255082069
246724130
231842906
256306065
837376451
76353579
253000063
255733984
247470235
253962096
74329973
249160236
836068878
830746308
247209941
231301828
17725302
252568518
174258
248555824
31859534
74484607
552630042
46275532
249259370
253563040
237045033
838716790
247637741
29476765
250474410
648197177
834409023
255325836
551848588
13451180
246801507
255248077
75645306
2765464
836307285
255798894
237835335
250359158
246691327
807509092
253430430
183413439
227010487
254145524
254920221
44663679
837734534
248608691
255053077
256678900
832327552
248940380
255009485
249948742
707183628
837835992
248769866
74941687
255046722
476230839
248922232
180095276
255207889
247151019
254844060
830699443
3771972
13425203
163153155
255590920
833473694
648774570
256683338
247263750
252324579
75164951
648136395
246431803
246149705
256231718
255516201
647068601
247852364
255100874
835885259
258190548
248503499
265647543
263589821
253257126
837602431
164914375
832295453
600603437
835021148
249461223
248522495
72090416
836273591
231684740
249767619
76718781
255400637
552495683
255075902
255852123
249550743
837626131
254961573
256949634
254722324
248083021
248542038
5340908
5025158
832196891
251384523
833036124
251689660
251765229
181493764
255399402
254140927
833190248
1316885
256256761
254900166
180615871
255254056
254936186
256840118
648165764
215953086
255407094
254689064
648300456
38927832
255717233
254145036
836234991
246258701
647978997
254508859
11345764
553893799
247171183
245734934
254366169
35039241
255863351
255160170
611979076
245981247
246425607
254423792
247167965
249724690
249100156
254595978
249900848
249572282
6949059
255289841
246727013
837013753
254880272
248087437
13142913
255256023
646903418
247194152
75672660
258563830
254491094
246469555
256464398
836517481
652880651
835788869
250227549
1490586
247351770
255286660
254642089
254437263
255457874
225776345
255279077
249281569
647883163
255924210
1775388
217145064
837188604
127620
72734201
249820598
6075385
74464945
255541667
69979
215425571
254847227
254760346
255120035
249701592
833457587
258336053
249541093
249050515
250777911
724107294
255324564
839004834
250941855
470156033
840048822
254854285
637954218
832529905
836407243
248980798
255239295
250353563
528570
257511716
180481263
254095952
250528484
258585784
256152962
254541186
255866254
644466
253602958
12267666
252239997
255011066
21552874
245646148
648084439
830998324
254038250
247605290
256595895
26039
231952916
253691731
641348004
248841190
246782152
256541357
246480003
64420445
835553669
256385964
251123824
237191882
74105654
837962040
253954797
48728252
164740839
246706534
231363065
256747120
245639498
249231436
254969360
246601211
832835166
74485558
838436423
254306704
46015955
246471937
836506616
254671931
248354779
174337552
255647043
253964972
224612793
247190960
253538597
255460099
255498640
254992948
833841573
249919088
253930415
255705024
251641803
832537450
255373300
74151883
254752493
249658977
21112056
163739061
254158115
246281624
255511271
837290481
12397195
35245098
836967907
59454907
249648181
254431742
250676733
649599473
249053506
263581697
255327538
250860891
249802085
255134830
74533488
249780030
256388230
64647733
71402172
258427163
251840005
255205797
238828770
45645135
550520844
837097508
255402500
838355705
255329519
255390351
246079927
249664782
255142674
837988629
839720993
649596947
297549362
254769120
648088322
254655220
254567598
85497049
838086419
729976926
255388805
255779098
254213929
254011967
833117484
73389365
830827385
252893314
253898120
249627826
257307027
247399993
243726383
255535704
73811578
255158645
723753418
839801341
251955701
243859889
16399397
251375882
257568960
254860531
1164784
8645300
255691429
11723917
436309020
231838410
470685386
254442247
179814577
46114560
245777685
831153495
254501340
19695686
255142961
255849019
251385911
52670909
231402724
836412100
257729553
249149517
248612752
248176984
255821148
263160136
249784438
255323179
649545090
255975733
255549700
255708052
8219084
15141781
254434204
246335595
837131592
246026787
836217741
835799388
836932611
1348399
46017170
648095319
257417043
174972414
183314037
249539854
11812628
165200513
255825958
257713845
836266808
249698368
838148073
14933494
249189250
252259035
249376706
248286853
58610327
73212470
164262444
837707367
36672014
249634119
247864621
254781923
643346512
255931803
253314063
246754665
249871081
836610982
254756023
833099881
256405215
249357014
74949900
836655586
246128977
254825276
255328716
246322448
255111633
248530387
835985377
838042914
844073339
24845873
254422947
11469010
247899801
254693963
254959345
255202668
255532191
254816065
255252913
246277519
30489367
246785511
249578076
722939298
72695457
249227223
249675464
835437121
833750806
247549632
24376543
253879759
249524598
835834054
254066375
254298471
314039220
74513762
254917943
246074120
551470627
162282532
246710450
252417026
244083514
2124785
179760274
646621818
837779678
255491859
255614841
254979888
246408987
252496625
33897526
255533145
254826754
248509570
255586792
246186074
837133292
246395917
277375
254770040
643560016
249910158
253869209
254686077
612856703
640147261
255697453
246139222
8215768
255621484
256938123
255370600
255433031
835819431
729324331
246585700
762145887
249370549
837634612
835914665
753267607
74697768
255216191
724431858
1798508
836805448
832594517
254960132
255299832
255130211
20056611
247270201
839852453
255399807
2608296
74436559
83029582
164390651
255224710
255235956
251762645
246302522
255704985
747319131
257510537
174507508
15295590
253656368
246262209
163475350
836080389
247367627
17805584
644024959
255417244
9450525
753251448
836216257
255411906
246748323
254652515
75313875
257753441
79165809
834343333
255247098
255540419
246356462
838180702
251705858
246637050
3273138
836898181
254372562
249948286
254260114
834789769
255016292
837066086
254659950
837389245
836486368
838851227
648300076
255383524
249899187
73700897
246796720
254778689
243867413
253857217
255443844
256601353
249654326
251122565
832337231
249784683
246075259
646574024
249112768
249788981
249954033
29303770
76365375
833089900
255561062
721043134
253334623
530378438
837020963
246479386
7652816
249076410
249364918
254646845
255108834
256902070
251129065
831737283
249379991
833837874
254525383
247434122
255410489
255374259
249232389
247589495
49310695
253380719
247562845
25521199
837709541
837917125
162329998
254440460
833160781
256181214
248980497
254851883
240074077
254960399
246479427
249790856
256993360
255359368
263418768
837067599
834507107
837553786
253871379
237229529
258640637
255141933
252910038
837543061
1337299
255061409
837339788
835431535
255411862
252433255
254638291
630804439
837136107
245642146
634085048
254519304
163237123
255098281
251923903
248656542
246408229
1187137
253736436
833109059
254998416
767924701
183299685
251306797
246643989
8564362
46103200
837047070
836022354
252684808
254911751
253900064
73733025
832599224
611528972
38383998
255823672
246445929
312728810
253947014
832321023
183912606
64263133
249782088
254729537
649592288
74972963
254454449
834328563
839833846
76446029
254478601
255448751
246204315
836164080
180629508
83710804
249734792
43231
255001179
837870010
254979772
833106000
249060927
253871153
254133024
838784359
255163106
833231710
254392909
237395777
29059511
247389635
255105425
645291734
254952909
835855629
246490765
180941479
255428193
255202364
833126297
23281653
837101904
247286162
255229565
248957156
247853010
836253499
834725785
255925781
255405853
831049270
247970026
75368587
245679360
76733652
721357840
249273029
836589749
239006675
246622037
249663079
247595616
8556340
836883382
247366435
76534776
248353555
255319702
245654983
247263839
249658135
254505750
4778406
240193378
254313532
254475360
246587527
12984467
254005443
255492875
832596615
249424228
255403065
255054615
2259808
253306358
246258742
246583079
667882555
246000744
648944021
249453215
25462135
834734485
73226540
255053668
256593609
255386998
4609142
248639893
76423682
253934123
68737312
254527071
247674937
836306909
249970823
247695489
834908073
246326467
73779255
243865703
254449482
249550644
253680737
246510054
75153664
249116127
836076134
836163520
255452069
832759768
535326955
254463673
649247327
249392025
249509991
256545543
254409214
837755133
254513726
165808603
180459791
832293012
248800460
249923679
251743048
23857182
254165728
255295025
647047495
7813362
255099593
180065169
256187281
611508999
835745224
257306670
257739548
835859449
258150003
253546913
648146638
269433894
254544082
254733987
254261889
252839685
255582900
247666083
254599352
33293657
836387754
220689221
254968667
249457947
249267434
183350194
246400463
254927910
353447
7877932
254811796
834190251
253894951
255019015
252456123
159892194
2808487
835934313
224665417
2555401
839096946
254926221
310880103
8284397
837379931
255904836
838852866
245819835
251507983
254989231
13112242
254103851
256357626
254882257
255158255
255258849
254049130
255567811
256047016
76237463
255635600
838942247
255091603
255102540
248122013
52426368
247505395
9413312
249725855
231686087
232004562
649389984
255645167
73399010
611325337
247023053
254773320
249216532
248773951
75776115
648326723
61920780
248164300
11518332
243721609
255643966
249375910
249582098
254968940
730901640
23884503
823227600
254316890
695851733
835808430
173341
74616764
1256110
39483182
649217804
837125298
254551235
257834178
553905775
249512835
249553594
833089827
257709166
256044071
838957641
837194680
246239622
254828031
249810715
249351740
247613481
246483026
836811843
246220965
254220461
2317965
85385192
247319141
836416347
263638296
255093844
255463451
225936350
246459230
76232387
9853097
75439387
10369348
460740
4719234
835980920
648308926
833780647
246722429
253399284
183368678
249991287
313403765
255235265
255083378
246013797
316431191
604030890
258091420
26568
255114913
163796378
231686655
10112517
75802719
249359327
249686849
249608703
255841467
254681623
253904106
832818937
550581776
27733794
834192777
767940182
255404404
648037298
248788514
835580614
838850475
833054062
249678298
837221914
184995029
249759023
3181909
636195285
255628375
836827214
247998119
179965721
254110056
835415400
255296146
255223862
6649989
832244425
6761145
836328959
724280239
255561561
249719667
254453844
835640290
838776759
255490609
255755186
839698558
255705961
254732538
254991309
250376010
231272469
231790330
254999003
248526576
31314598
695033218
246792026
270924264
255107383
693805
249640930
648937938
246729068
838031929
1210004
3516765
255136824
258322445
76739549
836005521
7103847
255974815
255538024
245964074
648313766
1452854
247315697
247835084
243921159
174980081
254479127
247458932
249413387
22994802
249375292
75732950
835631934
245767650
255576067
246122367
255569417
255276118
833456861
834191450
830804794
648274678
248298398
649457101
72062024
249969352
19372003
775771
48740019
244546869
76544461
833722581
835818059
254525011
833469161
218807073
13213716
74462372
843978000
249752481
612120977
249131424
255256057
249547897
255491208
249103140
73657873
255302272
836854571
16861023
602582893
27354
252828378
254729795
238850538
833563334
834908393
255174841
248452265
647531968
254361055
248534832
838764231
60058
723749920
246620230
836410818
258616624
833463065
833707061
72745278
255360361
71896196
253806115
649022807
649125712
246416536
255726462
229973813
255203740
254188631
246141551
163643044
159824374
834295877
251336873
32082111
246366140
237632831
836516505
254451802
720369012
649560029
258004692
249573467
255018157
5518331
248466607
251870060
255334032
255504671
255411283
838513898
250006279
246063745
251432054
248729413
73279744
255123423
254980923
252229361
72670402
255102203
249087174
8284306
248645734
253353403
254507676
646614866
2144622
254292270
834755770
249551031
263164244
648383856
26445779
255173704
634345840
254471694
835691175
249761545
255377841
833876466
2292604
251845636
60439176
255743948
249908175
71885428
222234223
838983355
255429223
834414025
695539393
250540446
159915
255880737
238982054
248519296
249897974
255444489
180617003
604350327
834394388
254914659
228141136
248124432
42080543
254956983
837051695
254806130
248831983
18938543
231096049
604198427
254920362
255351125
833457891
700416890
255047784
648040089
32780711
250810455
255061594
248012653
720688072
720137232
835459278
255797483
254687831
646552401
648937040
255878437
249116893
247564552
833463354
838670292
255104355
247993313
252444042
832453276
255082719
248727961
257650155
631895853
9826905
255219648
1567996
72867344
258619306
249508273
72525625
255227074
255440868
252087836
246429254
248941774
257749083
552396028
46098772
180087329
248993967
253346781
249717045
249806353
25914081
832439315
14020773
250082371
254635887
254764951
254538020
255330365
255326645
249286449
255227284
249936788
127692
246764935
1859172
250902927
835432365
73007740
64261365
315814906
246116600
649214212
247041072
254507811
838802818
1089775
71879614
648943794
5447792
253851020
248536015
254131557
255108988
255157987
699084781
836032162
250070961
835794159
836450573
255489381
247193802
16877619
246343931
187268
73062610
831355092
76373573
256234625
253647202
836547699
254187354
255414675
721654896
838508130
837683226
255168246
72832022
646600208
183347726
73559435
255060310
832506768
254603006
252463983
75882983
238824341
649244564
254676591
255442629
249196413
48693016
162667269
833914805
249454118
834222557
252674456
248454150
802706765
179824551
811331
835650797
647998722
254829318
255246946
46938053
255332416
250448179
255439168
837707397
255857527
4154458
247929596
64258007
722054540
837666021
247491603
230984011
249917797
258479370
25370977
248578954
254454602
21150955
249394638
254543856
255921692
255271279
251158869
6646310
838335519
648404198
845009113
720146965
252949283
248486928
245938414
248969748
832965411
837640008
249779770
230611518
8771324
250630885
247365710
253066714
533490
419867
249748685
254929507
227011630
251398176
832582927
219830614
27593688
246469830
255343963
43180733
254566636
723464861
831064473
252692424
252280490
632507161
1087972
250137775
833852500
46146417
249579617
76120878
9984123
246653073
254868950
253172616
257313322
247557910
76142257
255096011
254525543
164543289
183306918
4193
648309060
838802139
300202839
76458526
72170553
250901424
255275103
255450675
637050371
46300083
255891605
247948184
252907759
254976945
255536741
255545587
636485379
76015387
254276190
249719937
254301645
311919595
648878422
610961253
73403359
604764405
249289343
835445871
263631800
254353244
255268452
832707132
254667672
249380612
836352157
297807
256642207
254788048
255492966
247486030
12237722
611466389
255669606
255371816
553440140
43123095
252508786
6195921
251854638
257494027
25008020
753229316
648114721
257677824
248453053
74697430
253322301
123267570
833851942
183194630
8842003
75996075
248929784
833707224
833144896
254962144
3619044
254806194
254589112
257799956
248020694
254950647
248138981
257113862
247064681
837226277
742530401
255459883
162823572
159805634
11115843
249141841
245768677
163295606
255238285
255588822
256987473
75442652
247478514
4289727
722376202
255796517
249946054
165218641
248434542
256629255
832829955
256562456
773984072
648997307
631040588
257854571
256180099
174208214
697622626
834754887
249677264
231782649
833460882
254354487
5404124
836576726
472103933
27588557
74658712
753692931
834375723
647470792
254916308
26258543
253951882
254955011
834460248
246323395
252805166
246593884
249234339
90655
643648797
3357806
84719323
255145106
255485964
254968022
255362004
254454332
247809602
3982273
85661683
49705
255283689
45261128
246745875
256315061
230970777
637381505
253998310
183230934
84255106
225387616
254703563
648069779
246246154
836094083
836622059
254497084
832644445
646541441
204040
254642969
249513889
254130503
76662505
830650830
604434272
833113507
246702032
255874496
165550302
248072963
254537116
838383232
246693997
254637300
243829685
604338121
742004804
836221128
834269754
180459955
255259540
254253720
258287120
836215285
256656183
247402912
59623673
956425
183393598
254783540
647941451
74154428
646168875
248520234
247533024
245684603
255478968
837950710
255887028
75536558
46228328
249248819
253825905
248291370
840011993
230267532
1071380
255297432
246772827
253233440
254980151
255713583
253826215
63642
747810689
2375286
249150587
254427768
4806411
246399232
249648748
249377314
836516766
835691251
248478535
255089362
836165875
832300923
255549581
219850339
838329199
263709129
201010
73585410
257902741
249024716
249567053
255355320
2428235
73722196
237811469
73258141
836685087
255895459
6176114
248962998
76108499
501326213
253941458
255116144
255804524
838065072
255340158
254341566
163791745
255254026
17105156
255616544
254211324
255739274
246633311
255566137
647989929
14214355
256642612
254295289
254390274
255361984
314431443
6166748
838326314
248266387
249241851
255635697
258591243
255073135
33460257
248909547
254508949
837971599
254324385
249402302
836024778
634438911
246556979
76088532
255049632
255399892
73507750
834407335
250451996
256681339
254637094
247106328
4563932
247361904
53028112
838978083
314126134
180885312
231021290
833874508
247104063
25677006
255494577
256121351
250286051
774920005
254156597
256336646
249936300
753298554
249743000
255384860
3367374
249615381
163093376
183359369
163671
82236600
837756054
74668020
231788097
835993596
46228364
835148495
254593827
247415060
255473751
255069598
1686704
832277960
255333558
255440312
648052808
72792578
648128916
249547382
255055192
249104805
247042949
255282013
254289224
255024904
5440844
648954599
255568397
243890410
73636158
835639325
165135709
12798002
255003489
250411141
22812891
254523052
255583400
255300525
247058179
61839738
647379658
699801839
254555490
258623838
253984530
256466074
245760624
231899159
8483777
830828389
601914727
246281355
254602417
254897592
249559237
254548387
255128208
615622432
253709
255137682
647016908
246435852
246576720
73436560
249721922
31953737
255214710
230826730
838486315
255716674
254735345
254598221
836537791
249984329
251940736
5014826
74249164
247354163
251378821
250046641
255340851
73779481
247626004
247665943
838457109
249280673
76002006
836316974
254741036
254544261
253535030
605527633
254928673
246344828
255186579
754081910
830773678
604727532
159464383
648310980
244062381
243417167
254688437
256172845
647833451
256224709
220407796
833137171
231262373
252232853
836403569
247892504
255455109
246872658
832379271
611528871
252520424
174726652
255206696
254096881
255375048
836938415
249344482
836057486
4189837
246175585
14164622
246734033
74387416
637590337
248473411
250217616
248362160
46248893
60475362
254597726
29953763
76324491
246283870
832224110
837043931
637997198
245774744
245825407
632977629
247531577
64642763
835803103
50464440
246417412
836090525
248476786
375637
836372318
833203330
231984854
249160665
249933504
833178390
314601001
647973914
254513344
630534114
255658753
255905591
180115749
255030112
237320034
647513816
76423722
76459987
836431100
632399939
254514694
831415115
648160290
255499287
78194845
74567371
255426749
255069629
646552371
644265882
255315916
254364301
255599999
255174534
249071608
249939655
247903050
251639106
182758296
252338350
247602653
839731956
837270318
249903077
20560276
162960583
836698433
255452478
638368807
254265238
253212767
255411838
838463949
246371235
248019782
834702185
245980328
249442531
183304198
835053959
74832515
27519945
836822646
246598438
174862301
250450462
246966250
246566224
835934146
838900890
175094184
255856175
37845085
239598079
254265797
254494015
8792896
255762959
250967244
242740767
833045302
832451498
64425367
250722740
249892434
254351643
253765501
836558635
648036484
162812725
255017792
174985459
255173710
254602848
837622024
836583723
695779881
75333396
255397526
219814786
249794592
255238738
731271476
834163636
249919797
256438115
255138062
694895061
247398222
163347622
248305438
255055816
252985770
246661196
246291952
255701661
551219125
255329704
831517481
248506181
231712214
255862944
159456256
75176838
255263122
255540916
183225105
64642003
255372316
839712475
237195996
249142975
253251501
837058102
237026075
249725181
253966760
313208154
837540439
255245476
23867055
247075780
249398285
254699253
76730575
231745146
46158951
254872629
648941656
724218908
246320366
246203625
311948302
248707171
231727272
24526217
255586942
247785609
707157310
221111769
255893292
72503166
253445631
71938534
833833198
550920020
245976966
251688719
250058902
258493811
836199733
18396175
256434233
836611188
230735049
254334912
255065876
246145951
227342357
179768
837462646
248593014
255040635
254636497
249078670
249501771
249843793
163515066
255039035
246324624
28173966
832814329
246278130
835809521
835387195
254787213
836418381
837124739
181532635
174385664
836612059
255485599
230835843
648328614
251501984
833801121
246670652
249111447
257410484
254905630
42276750
247203373
255332482
254998164
837745271
249454568
251871694
310821957
250292142
255584787
165580596
183312918
836651790
251021181
254630502
254921316
255268601
249628685
251122482
255074096
163670176
473085123
257006611
255830702
256375992
246634856
701492502
834631474
254663547
601073167
230831866
249489222
254596073
311431077
255074150
648224820
255080746
253109287
72935317
235713034
834791363
255079867
163936707
836217692
614967310
255437201
255349055
252346779
836927030
64411028
648243620
13250801
30874300
32581503
183226543
254992218
252640162
831770653
11161683
255732649
255079893
243417209
255198597
247676828
255389684
839811476
731384557
699638237
611424155
636649353
251785347
75915033
252937393
255626010
243768825
646613802
183305970
835502458
76237481
837035822
255277122
231288485
253926480
255982318
40614196
255315644
249858058
838336232
251357329
237314095
647061644
255726977
700646638
1960135
256293241
255504827
255930602
4982607
165102464
244018219
745532021
231178356
724103857
648179378
255240646
836419374
247689771
250489064
255347666
313415778
948026
836408096
248227394
837765594
648954394
246340378
11336302
249064958
653108396
833071740
648134017
249504470
254666847
255367247
257723439
248555522
255193973
833208646
247910804
21138585
254959729
250937873
253989725
254675089
255099096
254750657
255284468
648103388
649133498
246232043
76137729
247434896
254698993
254954190
699110706
249310664
64423739
247304896
247941378
74866425
14377414
74957071
254447130
646872545
249603844
254503364
247872254
251654962
255866580
175132067
252885919
830787204
181467449
552393194
250949889
646987313
75895526
254954349
649468442
159846518
249493363
256309865
3511124
249933404
255376798
248381138
246720048
249580705
256321390
255256821
183409549
254581157
257767423
643609112
75935520
647027547
838008572
249761039
255305855
647972092
255802638
7169228
250998859
838847219
252294366
254935971
254677011
837181109
255535020
174775526
610710519
834141544
832203751
40911359
164566061
251784126
837803222
76511839
833205542
237386688
253975598
1175593
46095966
249967513
163352527
254696877
255161779
246286156
73545552
1740909
646540800
839891372
220407783
254711727
834346938
165595116
255065799
256560047
257556575
648128892
251597897
246390129
73838158
554059222
649590530
452844
247246025
254980596
255603550
248232279
648151013
1103678
831983930
72065302
247171538
255538534
701154
255666995
646543744
72286917
12781798
646901556
245712299
246581419
75253779
250546050
648120198
255218991
254335190
247029194
255126969
255712220
837588997
835623164
61103
2334067
255344023
837857203
503741
648237454
249737067
85249764
6261294
256470224
250738414
249672804
254370757
835558491
647370762
247019561
649080032
551485421
551964915
75758795
252061069
246242224
3517973
260003097
255035321
256538072
257404801
254276211
7296767
74821508
648325065
76355154
649046483
246401884
646640512
255048239
255955294
247780626
247333976
249021247
836662743
249970609
3779472
254440109
249864944
255468760
253770383
753631541
249493564
648774407
249668024
648054075
224985040
263602951
830769179
837370726
251429186
601544355
250947894
254999569
163457558
254251939
258231523
256393895
255683105
836514238
245628300
246435183
836331856
231465223
254111577
162234745
183285765
255929698
60027123
249671920
246579638
75949039
837041485
8495638
75446631
73914460
247241172
36025703
74620633
247539636
646875419
254475682
835928137
299786634
254348590
256692620
255732178
833866322
249918114
72067637
247364517
839026840
255446219
834622140
85662879
256286905
837624335
242871
5175441
254706955
318587434
21180075
648036992
249423190
836062017
835582006
254923602
43038599
254660866
254149143
74183185
836522691
609950470
254692944
246524143
255292869
248615448
253940722
649528061
231764114
254682737
257798944
85205352
254842819
247836629
10725637
51712252
72671308
183313512
247715101
246313601
833088452
257008469
247272022
26939511
254302480
183305690
249945497
834521305
60203437
255056546
834373676
251423162
246459320
254586545
256613639
214319448
255230811
832174605
257758884
255060518
255750637
300139518
238786336
644998470
246401147
835579929
246398395
254533789
837920914
246746583
179728313
774162939
74431704
835714648
255088029
247298761
632862753
254677643
73547272
717619599
230059906
18087102
231646950
254489666
255118799
247044628
246724451
253985083
648099883
180570321
256770246
837701246
436702298
257701168
248665501
251470533
254310151
833138277
252986111
256676110
833916330
180155512
836290058
835779148
835849514
680757920
255735489
255204995
163739565
230828071
256213128
76768499
255686472
165450927
249607788
254552558
246435314
255674272
164185099
257983315
647546711
256288844
263604546
836456063
255253382
254632217
256292444
3482466
252393851
246261277
265004532
255227209
230837626
26850342
837503956
837085614
241627210
255392546
611304015
74847145
64524217
837082279
255760861
248033974
249499070
836221133
754322332
646905107
646135394
844953715
257964092
255185049
237987565
830657266
251130316
254642916
255192826
648106231
75999304
248795662
247416562
258036310
248363810
636023622
255724643
75111922
836801563
257461470
256748786
255052527
20217746
6837600
252278913
255205578
255166166
258227079
833862343
255253915
188252081
257781383
247414851
834349936
610864520
253301902
3070509
246746859
247236889
246652347
249487621
255186141
6092740
254527595
648174654
833874785
249674561
268980722
163743343
253696491
73473971
255214306
612095132
725549322
23864010
255299121
254582723
681826
254120234
246632339
159755940
257014701
254102954
254717910
246255832
255250009
257404579
163542920
255228461
699264791
254714779
245890107
705449050
250745922
243438757
245755711
551817452
254338270
216380668
833502227
601793712
699003956
255500961
2554655
246030609
11123205
250620911
254236200
251659200
723239111
977956
255856348
837317345
836223451
255478297
254964203
646598547
254331371
836447565
832385862
247995741
256764945
8587312
246159043
249616298
246725123
254172499
246270347
836037373
11155748
248125638
21964723
248986548
246902399
312820220
837329066
248017184
310627557
837880003
173956364
255052659
249596626
255749808
247834860
837050736
722413483
254601287
246403748
249675972
836985245
255385656
34146161
251817753
254354186
250002033
648157036
832876994
70938947
316142540
163636657
316280654
255970236
255077758
163130062
79933617
246093804
255874916
248646138
254794094
257430058
253001010
15058812
18910624
246996241
830776242
837016504
60255541
246438143
833860297
832311625
254702149
180521749
23126909
835051297
254352287
430526923
248678872
241379823
12357270
14226286
256682644
255112672
183405914
255288194
254079407
26044316
837635530
249052088
245859738
74317291
839859902
239234707
254594554
255054357
254269461
4083822
605957061
253356498
248802161
254009979
61827066
246238925
247703976
649431628
731820396
255224709
255541336
252561161
647370711
254585323
74584
174845394
254760846
833760987
246389682
60476088
837902654
648119772
249227648
52027421
258250910
836730991
255110006
248303798
247980229
256094278
246107938
76003828
165702581
830825127
252365486
27887492
835683902
76384857
245876239
254175148
247327796
255111773
837015571
85609061
237358562
255819104
74297212
247445610
254788790
249240748
646547738
834131039
255340093
174398906
249918862
223005366
219716878
253515270
10484034
315880127
254589037
248806452
21914426
246346726
255256169
245789948
3696965
646982425
249444521
252040038
314192446
836883154
15811138
838959564
249811175
2828543
255432951
255792671
255272414
250636525
246407307
250005884
251724805
835418558
831052498
835119606
253723884
647404540
230644983
254520267
255362374
844219299
836844024
21870535
251937483
18322740
14378759
838940046
836353076
251938645
254887925
231632488
254856371
254268712
255449082
254276654
253892830
254184518
248693958
253899839
76060804
231648247
255955713
255694003
247848579
551829270
754038258
648155164
256138641
174370987
837171228
5750378
246458421
72069147
2202475
249445495
237388674
832589631
254971709
71895771
74154352
247435813
253981452
831359816
254460268
251286379
837644940
836185497
255016900
46109290
246323764
41199638
836926020
258318016
649016538
254805479
252838825
29358650
255465749
253677944
837003858
255027200
231047660
248885656
836828755
835469424
255423426
231680333
257384439
248781319
831031395
250279541
74163288
833250265
247677290
183345828
254831078
838530863
180136006
254557817
249151600
249587385
5337001
836040216
255181394
552116504
833085223
254668734
672370
720444591
635202291
72892350
833103764
246372651
833381151
255300947
646945954
248511754
837942897
224939950
74705642
611224255
249411238
254313585
833659701
837700637
551850188
436776391
254159751
255821850
833916337
255447384
837029231
257294679
836366763
836283595
249030618
31860280
833517564
250601322
2119592
249554586
9731048
254528714
76018213
254984054
838876325
645125113
255435643
837559900
255114217
253424448
2681300
246544390
648040822
255914419
247573604
255073558
74810418
643534781
248380169
601768748
255853966
254843022
553474377
48721272
248184184
234360884
254155013
220426020
21236198
552175514
85205875
637850722
839853646
552054308
836971306
15144420
71090407
835462508
247043017
648330102
249043795
249669463
255244770
9325238
249627664
255378577
253687198
254913438
254973309
164564521
799017909
250010163
648185963
248975313
84523079
76245546
682042339
248382228
833754294
246260884
231171232
647175493
3395966
833914206
258183188
255235324
833690099
250182355
246912667
180712557
252009321
836404788
838923340
34188442
254790700
255109569
191708654
837057724
245999717
184989617
180496289
249986386
73366875
837769955
183341820
254741244
255294745
833695658
247996337
164657496
255844066
255556176
1080099
51701960
256042949
248525789
837055293
253708506
723371124
636230838
23079439
254600677
253728450
27787798
2056111
254766290
647076999
14240786
72657221
249680704
237105046
247080546
834456629
251089596
254487274
313669256
836990845
833462883
254593468
835403572
258417986
248172039
722829029
254479396
254906961
255137194
832168474
248582759
178469
835983062
901340
243431023
47887894
70317790
835485175
838934441
838448346
258602923
183230699
245711432
259994761
648953343
724422913
836878798
248850103
255321855
25755068
320883332
72450032
255873023
76386611
230324709
632346097
253414243
832576880
258108418
248262530
230837988
254339884
255390054
723703162
255381841
250041935
837098331
248968483
254725235
248272482
252792892
837153336
831586083
246642067
257488297
250013485
836381581
44051062
837641788
230942381
714235310
648128888
254956794
243871286
255322125
246165943
838513721
834407540
838135964
836828519
254989596
255528742
249220825
263608236
648111351
254637326
250802976
255267199
254464877
249088182
836232358
248049062
249779725
255522007
11380506
247935555
76622998
648051288
231771875
246727899
253552492
254582332
258442679
837427702
648919873
730149519
254674278
312938187
248591780
648070331
838309211
833462039
835678565
253047172
612095141
230938994
254573167
246978184
246438013
252056350
646975122
647500044
256285346
245910375
834281740
648944074
605323451
255258460
246334408
836352678
834295755
255535877
36195118
4902101
253991279
247632705
250893031
246672682
60475214
254806880
35274
248251603
255798422
254932398
5989651
552280218
224554529
248512620
248500995
258304676
231972178
246366948
249567180
249858171
732357342
246228327
836906844
832588475
3181126
836269153
256375472
830810549
1048490
831076494
76092095
837092826
362300
255067977
249878658
251056357
255628221
75702896
33467077
834698587
75747
255744786
311747454
254507873
256977609
249925921
250013359
835615859
216456044
183223785
245865459
695693459
76257474
13837122
255719379
248364749
255892079
837708882
166048961
245773235
46210911
252488663
164423798
248725708
247250539
46114499
37534100
251569508
255183527
231921933
255851455
838340608
73234426
43690240
254996249
365206
649390568
835581612
2520901
12575928
648964638
254989500
250083051
76136460
255509171
73572348
255218522
247766011
254688743
246569147
163353715
231577176
243735089
71902469
255933335
246279973
253681799
256078327
253842331
246250769
255490562
552521314
254710836
246696354
41200554
634327066
834477039
255685808
248535107
255101210
837278575
9547816
255065480
256020400
833459365
604071440
255628272
256975690
249762164
249184992
256286951
164057594
85719321
256131415
630817832
15926703
256308176
256389218
648128104
256278079
72424758
237026823
834486737
251147678
255527255
836943522
247684908
246624511
255352767
699731314
834380763
9910577
834714995
836057077
255227603
832997866
254830443
254722776
249222257
255541199
255247384
647851893
699078983
834229494
258031178
254687826
255167925
250872698
231686210
246003511
834314003
5047969
256658234
64414487
249862010
256321778
50976740
252981742
83699
840000099
183193596
837618155
230235957
255952443
255920701
836655113
834359245
256057028
834705128
255343243
255360413
256574363
834423244
255289059
314338397
648082730
254737499
246477415
246295606
646554001
246404036
74981796
832309034
246262112
247782364
648832935
254591936
246452901
257036367
71889338
248214352
247456940
833102365
255806806
254097350
9413753
255813411
258122985
44061603
9182743
837758552
253893570
254677073
836852493
330438
634144351
164911429
246033184
46198433
249466799
5335748
28723274
83886607
245669877
254680961
254553839
838752088
248294966
836937558
254735679
7051827
455623459
254593696
163302870
255316014
183334978
837055899
254045195
64244190
76489826
254808886
255012699
245956904
76586550
1185915
254502250
255240699
255221264
255893382
254471912
253318938
255199743
255551802
73670538
836901061
255843196
834623245
255884450
313328834
255652436
249913296
247977786
255384943
253071791
310818806
254314504
245818289
251548775
52284844
649290715
249371368
254521129
231561743
254772488
711864084
254372343
74154244
166073204
250802455
835502330
247272240
24460100
246415187
833261845
254694462
255815997
255301502
614494517
838811324
248306558
249168293
720294059
837020538
249315174
254125982
254613959
256520859
255316472
255236872
237893024
314511273
1768489
247635587
22446555
254734857
836650653
248963007
832571640
246283075
835281191
254682158
834937772
681978069
835625206
310573213
311651092
835503967
8669461
255284796
255449318
836317287
313178919
254719802
648820854
254863151
257198005
76584787
503457536
252249898
255322823
834295412
85361049
830667834
247272828
254651045
12933932
437074621
248546604
254707838
255356664
255353054
249250546
833464772
255348354
251653758
255349025
249745964
844898666
251655762
249541309
836011554
255603157
256396777
254568983
254667508
255430123
183424797
246471591
249480178
255822680
251383192
73683783
836351037
255498500
837612899
255411087
249552418
837007554
428215103
254801836
123270594
254368485
250020778
238562767
836284822
648311921
249261558
759838151
762068613
249200136
255110007
249161376
247536919
249491887
835544886
254824034
254097356
724527125
46837586
246347316
835733884
263599969
34342495
248007900
714190219
255617507
254642782
75219831
251830076
249477024
838168037
32569430
72585336
635528107
255282719
254099988
162228073
73548100
254971824
648080481
255213769
258220885
245724963
252804476
649632265
246730221
6716611
247247229
646615257
254861606
255309276
311036662
835438138
255315404
249732419
312597985
255497248
647885258
249634171
249019626
248324545
255621097
833632945
255828803
255000508
247350049
249411588
245878313
254809013
220283711
253589668
249908292
836651112
314294169
615527860
247015301
162222894
248662176
254613180
833861830
71920105
647970601
428097780
64247060
38967405
648125341
255040616
183330107
254877260
254906425
214990322
249351680
254730607
250301608
76211199
845153211
254713514
257535367
313235622
254923320
46148659
258242563
832983418
33152160
255337472
254284261
246253198
248740256
220320144
4804731
836715702
838342720
254605744
174539045
4632636
41400749
246184128
836676431
254998576
648162770
248970359
74051064
248872780
254691094
836074804
483605411
603459104
256541867
648314841
246470445
254729633
832074656
64644848
31849072
838740148
249518760
350563
248758213
838271841
224464756
255156927
162316587
248255877
836929363
74198139
163673072
248388223
253945059
255952534
252990827
1677089
48733938
270170
254754412
836792905
254871481
75821137
180161044
254660778
649062427
249950590
251106501
836988788
255342108
250633061
255016201
258064370
257046567
38342327
250877542
836698466
74190326
833558619
249857228
132687833
8887388
247073423
253659200
255890832
74663569
255057922
255047798
647978081
76548849
254770814
254975839
836768215
48227046
254169028
720086065
163029224
247039783
163165816
255042797
19502234
249252301
255954738
249412481
255026848
833280733
255307124
75946175
246338804
253909563
2014943
648108806
249845996
255054301
249690087
553033743
249471856
254568268
76634338
247744079
24774295
247461249
216247532
244037953
248071906
256358121
18127868
180591734
247449990
648093323
647800479
255603697
1643357
250094347
254965887
254350995
836954065
249791276
255132426
250481556
230833325
254552971
13486529
255860588
837931720
255953952
254759543
249474214
835052028
253545936
246095894
246314432
183433638
255570111
647847818
254524199
724450744
837813931
231871604
249172897
246209298
612498263
248656738
256283861
635751502
839429433
160264403
236099478
254544723
647119062
835193786
231951572
255117197
180509082
254533302
254525722
255440305
255227136
837232317
249502745
246253376
162868973
834723976
254837516
692445
834713474
255275251
956103
255805329
837672910
255760885
605742664
254192887
74958697
73402157
255335030
249033792
254886871
175022303
15442
249922433
33896077
246436913
838071499
246014465
256558065
254014403
255327237
255179711
163393628
253882812
248235662
836183833
256008220
263869630
74568215
255965455
834165598
254934744
258218067
75949818
248832914
844190124
249504525
257495003
253946800
253194978
254206521
254643571
255018120
255228104
837044444
834219424
830939513
837960834
5794111
249655338
649281953
837106421
837122917
255482654
255509183
724301297
62012018
313880528
839798372
249818734
252468516
254257851
247174320
836013143
837046015
255520644
249380981
252613445
223190850
254702064
420965
648325821
256294161
249569525
46129204
256368958
258683774
254338416
256281885
1016328
249578533
32708857
254529840
835848206
255318129
248892345
21689441
251612932
836151102
247804969
836844649
254868113
224725439
836817149
837626333
250260583
231623168
833752862
3344838
13804238
248825585
32067506
248892950
248393422
649134392
255221833
604212051
840075134
255734640
250394193
833148150
247512758
248988491
248577978
835881906
6763096
648239334
247938196
5098930
2759597
254166702
246209154
753170583
835811124
1091779
836581854
248509600
180513784
19615484
249118338
246221355
255498617
249836324
249747796
830644293
249532631
648308858
252358030
921184
75220275
6783211
551857683
247063473
254704797
837058065
246605240
255785642
21306781
839888368
255148601
834740654
76004298
251788591
838279233
255294105
836775503
612798623
549469742
249360496
8444068
251385740
247422072
254573209
18519853
183347456
832657140
251483797
732256620
248838615
8883928
248494893
255225158
248018728
257321727
241588629
255217010
72659147
834603189
249479730
255327225
74974526
255482197
75797637
838774304
836407967
248449086
254676963
648102308
249191834
248900494
247519768
247698870
254761611
249920554
255052015
835902677
60488486
231576334
834560664
255028896
254385068
258514676
835326809
838382636
255298610
643559870
251982159
248157817
85673350
61831320
837098995
834223982
76094071
255287001
246438154
231711515
163745069
76235016
249383791
254807180
254060842
837724303
832558713
46150553
429683886
27205461
255994888
79385152
254917830
248796930
647956650
249253450
648795236
254141220
256340138
255966252
252642057
254709870
231058004
830663184
214373203
255537942
723702677
244049004
246342643
249401301
248498314
249437330
249894972
255497258
831242267
255098605
255036392
249184913
255750166
6997188
248640939
249416715
835923308
75093348
496277062
648902496
255452153
46243713
834407339
254542261
7732654
252243191
246297498
646589704
251281020
836145145
836305071
181575165
25788851
249205797
648121498
247078841
254588456
254983536
255631526
255879079
247977888
727855395
3218313
252738105
246396054
832540382
837960966
835813816
248428825
255107628
74993975
254395391
838795898
251458977
231380133
255024190
249344230
163315240
249127782
248049731
838360421
248783413
699661131
837637702
314983518
254338852
255094194
648313583
231616729
252093462
183434833
266226567
251673449
633559574
33079285
20708133
230999226
252849167
255881858
46252134
254045362
18587801
249678317
253821201
248803767
249636155
255584084
551866372
246423951
250496106
246693752
246150117
24630709
60302954
250187043
637942506
183196616
7625942
836063988
255203955
183295588
836965881
26229927
28435243
838771724
254195240
249295676
720184982
3564224
838756935
254610348
753631790
255454244
246000245
245969462
254972664
257379502
836199639
838773018
832445754
75432181
836781314
249519094
251912736
311941194
252306026
246298154
264815846
720217344
254371142
250093186
246287251
249647969
832303356
260038307
75665271
255442761
249120670
248319504
650558931
246455407
835415493
247451490
836099052
648033832
22831
837990823
254438052
249672419
255600120
250001097
247259701
836814797
45810816
249695982
648315427
255120457
246197624
71888428
254199308
721573880
255805932
255544995
832454337
254197241
713376876
254641777
254566417
835830626
649607856
255301141
833864592
252991794
253755622
75762865
836380478
249191646
43860963
249817491
163680139
255545050
9597921
832603836
247009293
312252107
73873923
51787251
152732066
254098852
552048486
838307776
833208989
174234514
246508791
255924709
658234466
256571201
255142968
4002246
253999501
76120994
255682787
839002974
254436435
246153439
180557201
254231839
6982064
723761977
248587596
250501578
246235944
271878
253375835
253973044
251990640
831360920
255237002
646892552
255530158
253032688
473531117
991875
648081019
838485447
238162
835880346
255798702
834608182
835863967
253445611
834954659
164635144
249496736
248119746
255393415
254479240
249753927
249354091
254625425
8891337
252762413
255205401
649154167
249904214
254338248
837011549
255538747
254462014
495403312
8053043
838759353
249672406
251429143
231337105
310930141
249970249
248857642
163743785
7819527
255195965
837706227
255290741
838703686
254329550
254755729
18917740
839705065
254602443
50024268
254753697
255220640
38985498
601922292
249134730
13822495
648295207
247364438
646883169
648084460
6889864
248995124
604393772
255926103
254505149
5241817
844230764
247748745
835466134
246132525
250272428
75017525
838276685
3328004
312380790
3912927
37950721
249288611
231707391
836933990
251772163
255100003
254413828
46122779
162769040
249836017
248884720
17119467
249940588
254465829
246455426
834505294
555448715
265118543
247874406
164810804
255274879
72484071
30727175
247397048
833469138
256954160
164805060
254630966
838327109
258160472
249688708
255073632
834654193
254699570
254647176
834988537
255301370
648125184
247470942
646545122
74372633
248567632
604509248
244562766
255399478
313480820
698593500
255722396
248549754
835038327
258751380
250388568
833054502
255117002
246253012
61839789
834816868
245670665
255424295
836157442
254770443
230838209
253680182
245714590
836393345
246096482
835622907
837273989
649614484
297341614
436301053
836754304
648148690
249202664
255027025
74847582
254486821
249555519
12217274
249274532
253882367
553597072
837731707
253476978
247327943
245861149
230997640
248736659
254731463
254305430
835856990
249490992
837735005
254791585
253531240
254647108
74721803
255465391
246965784
254948400
254874237
837771482
253390087
255314061
247601635
835684882
723618930
648035480
649607986
40109840
75476498
250005041
30777222
957294
247651364
254173590
255311594
249262468
835721685
833916000
255396196
236089961
257268487
255250769
26014800
255301354
833112340
753099141
258092056
837710314
832437861
246442073
251940768
46098523
252899762
835866665
166083591
249826131
1643541
249774705
264136516
838112168
249206416
247586979
255471308
252646791
832359951
249669512
41005693
648311064
249719100
1859210
250056751
250291450
43126339
254681973
311886512
255637746
246379871
254545094
255632252
250420695
255262629
254770299
258447821
836482798
249535860
254624912
255421185
10142062
772668267
836542183
8728606
648313730
255509029
247845270
248809108
255488677
253990132
833727321
836988516
831317094
753225680
255235328
256798238
250964144
833460807
832346953
254538451
74734998
255751465
249750424
255042769
836495134
835688361
249519697
249522409
255310188
217527729
253941175
246474935
247561066
836275318
614674026
255091700
311339972
6331141
836349108
73660471
249417062
247696591
7659190
239752574
250798712
72777144
249006229
246652808
7180003
157122
835682896
649304051
647017530
255447864
246155695
258510928
255823844
174563117
247433623
246446008
249912916
835415650
254716570
249753402
631002083
249832981
249628895
836881215
255088328
255568954
837960702
248308587
648947200
23102719
832768886
836652243
470200808
251765216
248496555
833174428
246008744
314472996
835000735
248205897
248801718
254813656
249469850
253038380
255911756
694880704
247904608
248009056
255673544
246193773
648263919
249512082
74386634
255546037
246242525
85561904
833864841
254964483
244627962
837000035
85420909
648037074
832973570
4806916
254501116
255317117
833789645
249234824
11621
838141305
180523856
256380778
255522203
249940462
255709760
834132857
648240513
251498647
255480820
721296692
248598008
166057621
835422627
648201810
165445556
253174175
255857500
251146621
254001656
180966478
225399674
254422685
255692087
11969691
256124100
27654218
255336553
254842082
255329337
73634475
255053455
20004460
839848938
246051522
648333447
249384233
255271334
253868439
255643037
254431751
254746732
835753636
837902002
14928635
247982620
249670000
236086798
833809137
254593396
245671828
74592434
647929074
254512254
249025381
836533497
249309210
179784482
246806119
255765066
249227867
75349973
255161575
253843426
243819318
75832114
73257308
254175904
174897854
251726530
231491958
249803329
161690
248874847
255429907
246405624
249422574
838490909
254245006
51254256
838371483
254405283
630442279
256082030
255866177
247481013
10778519
254456141
840071541
254468610
255449043
835930963
314772279
836370186
256881391
255219951
254416787
836726758
832064675
255121404
224647571
249715778
837548692
258637352
257946335
255825382
29132173
549446452
4516021
253929870
248824170
249919853
632935317
249316152
7325514
255047373
837193328
835663625
255944203
8111641
832352149
39200683
248281731
74420662
243433422
249413679
254851271
73632821
255921479
248990108
463675626
648044527
9140132
254435730
643934973
255653248
254603345
253394462
245684830
251107378
247729495
246692834
248073860
646913770
699149
254680851
837625600
245807299
250217791
249449164
4718540
249517889
249386946
255947302
255346393
839400680
250440082
610979209
75835252
255584169
836907357
12592504
76359776
246345390
255683451
20302941
254096812
837220721
832405872
246263995
835927413
249894594
243876256
64541735
255811589
257333641
837625634
73374725
315418149
838353777
833636701
246732849
246639859
808254688
648126889
75603558
188234177
258617547
75690645
248084436
180454132
255231684
255436174
246696065
247137483
76743747
254148101
255557439
604985440
248370437
254953418
4191150
255387397
315015099
255367509
180952503
833233620
255731728
257791792
837619871
722236493
71978512
552167885
838042749
253855743
248216692
249072777
744312855
648041457
720697720
611480043
729101809
254832618
255369935
256327303
255029798
229447464
255466020
254421987
243421153
4856559
255090186
253949611
766158130
257622730
249331521
3360862
610844978
838669891
248612157
253328104
255356559
254972005
831543187
255519412
249453050
254718570
84293169
6741652
255233243
255606010
832820239
249523075
652902466
836519548
611750530
247793656
19803687
6584928
254914932
249803337
76172984
249362845
258684463
253805166
255480329
251727560
3091941
254438060
249138053
249569950
253652511
833865108
249283671
248394316
74145356
837182199
796215638
255560734
25675984
836290074
255278924
252429188
310474384
254555276
256035259
32785017
834714940
251323452
4033324
17639976
249494107
833901481
835505341
256467721
255336317
832825351
832579588
255102850
257033894
255663831
249586608
252496254
255043418
314061604
247244397
249686015
76388074
1781390
255449764
832741262
10694623
248311722
231660329
6099126
255786760
164906641
753763112
251947558
249135676
833790076
255182298
836364471
247906313
249354626
248558319
831361637
254979965
255764790
75565478
248809160
832238906
1273779
1652634
247943022
236109974
254438983
254712868
74548810
175078354
458297841
246343932
247142822
835657292
2034287
28792074
835694031
254630959
250238436
254137962
248355443
250550350
249509850
36623424
254990450
246588900
648292069
255912315
74187159
835428098
248955167
255456058
246536916
249337259
835322559
255277272
250197916
254733705
252615658
246343254
41028023
12215802
249157986
835831310
48723429
637592828
246291890
73766600
255834913
254231002
253473386
601035366
247028931
256272847
247037501
174600492
162284736
74655711
254678422
254707696
249937762
840061747
248111179
250433873
246289857
247125615
45942619
251159786
223291872
255755338
247167852
551664796
18557553
254677998
237047497
255368026
255010164
249670150
836559002
249897514
831405456
246339253
243436135
254190875
255646934
249515551
246414855
4875577
837077381
74638516
72849591
255132271
249972366
836910745
237024047
15042782
835799466
255224723
833233293
835827044
838160370
252382022
217513833
276778546
835451936
612411275
249561360
254585722
255406355
254467625
180686575
649545621
634632115
256594824
835584209
247671152
254448247
647872687
3325150
255536479
252081773
838831368
255078502
836163942
838769164
255690935
74680309
74969257
246272282
255821920
250381860
74856952
255369451
255328236
254788051
247359927
231966727
183231062
255317074
73860670
255167377
258193046
837542315
255451729
254689489
258444999
179868352
57239182
26308461
182725220
836936963
258492131
16806292
254826146
231983380
246704574
646646349
248258431
246478070
75035983
255296050
248628637
832399832
837149524
231850269
154244099
254756821
254586556
237802135
255471700
251141886
255186305
255600287
255231757
836159406
255944744
838396909
256695869
249946028
837589333
162342823
248255494
258690803
249437616
74195793
5101336
252735182
250225672
249800838
834193495
836376896
253166510
7371118
249944245
648964742
256243400
254340939
255161760
254904398
258043192
254645220
249301285
255204524
250251501
834178876
254120653
254589678
258219310
835479811
248433827
256857514
312362197
72543025
649370753
830984211
224992996
254168488
250068124
839709275
72311217
832246162
249339727
255423766
836891583
552200812
839721066
248408824
837181166
838489812
254193767
246422456
648408579
837111371
7009081
255376976
245923977
269248551
839917058
255274084
254155639
73599678
255211059
249718446
835738865
249982299
258757242
247129270
174572785
254679298
247305914
254458841
75902002
246397067
247202467
835934512
255286061
246391266
74314163
255019621
71865403
255783080
832433591
640442
249744161
257502970
255652612
246410839
255749743
610889978
255438282
247441945
247957449
836529274
73504489
249414483
237126429
60443754
253780324
248723898
429670936
255923540
48738501
254934725
246454038
39535109
255130334
834099726
247809703
256259999
249943241
254672402
248362510
836080199
255840367
254288325
254646586
247179797
255317668
6145443
258445807
837623069
255514000
837245384
249577199
249102234
165481550
254202436
255414804
74611478
254540220
252271665
254505490
246358675
249561423
251941981
73513103
254707132
248441332
246105069
647521231
255265490
648027402
71893351
246353677
76508930
255100769
258720507
246413613
830661105
254299270
648150392
254002444
835812520
249688053
249670495
255707707
252041323
230813055
231589861
76364998
836060787
480995
254530387
258497932
253775026
183351431
833902569
835459423
255128780
1416149
256620769
256616247
60438784
255226421
248110584
254936786
46243127
249693086
255537652
9153433
254433842
258398758
246333399
255496528
834796963
250476612
76611617
648193107
254579407
838795360
255103599
254495526
832463133
255669596
253825957
255917765
263570177
255310268
837131662
215860868
249465789
835829410
255094693
255397549
2075284
246489424
247756250
248255594
162209660
255169952
255112829
246097695
248195565
247859330
832346941
254806691
255816941
248350870
249753303
254838024
254817932
220500041
60429019
255545381
729982631
593972987
310806213
255855543
252481354
835571166
835849450
174761228
831097691
75839557
248646829
5683420
836650754
648368051
47300404
832543518
183216696
837153441
254086711
12419977
255045500
254945568
255328189
837081409
832058824
245835175
255208614
254639408
2426228
838837245
254937728
247531977
249699493
28816348
246056997
254434363
246660993
247095088
255235866
255862823
247207925
470163245
254184810
648316851
183336477
215108869
254211441
254693100
249455157
837446002
249849471
255046782
837501945
163436627
245665229
255266206
59414525
724570367
255102303
836572376
257196586
250276881
258374458
76242429
834138214
836109003
254313801
4105621
720734949
254127916
75380440
255468698
705356589
254439496
174445799
239491766
253947511
3384651
648309771
753143040
246252152
249335897
646551967
250039739
72282362
75711972
254531684
838011018
835278585
16404436
10507491
836998807
255512973
254709844
75921974
253043738
838783719
646952563
252468877
835578783
29122934
723843109
180133770
649194360
263665802
254621354
174477959
51692410
833910142
258147234
646879061
255473202
251995877
648307208
686763950
173331206
255500549
255180980
72609955
256886676
647976532
255206170
762133150
75811621
249813059
254997623
646910801
255065144
836619123
255673359
255906228
253066482
552493400
648108656
3583451
249380345
9427778
248956834
248698310
832828326
837386993
254599406
311929783
238836021
255042192
254674094
249221226
255010340
252080946
74197680
254964785
250141568
256858437
255450310
80951035
75024506
838877111
254484295
300023343
720489006
246473330
249332373
237107445
248584740
163119419
255519705
647231671
246463500
74536472
5186153
253426792
250549388
838806619
175019974
249478558
832239778
255058092
428001409
256145616
648033613
253317662
250060289
76454613
836330050
246306217
246978325
833757647
248774392
832685343
1051844
836090561
255225078
254583226
255251543
254753749
179790503
251766645
73831539
837188008
183255795
249419403
248500571
246475670
612090857
31745600
255169603
250184957
837953206
634792712
254684596
256871234
245853781
255076446
254537755
834717966
249104732
165874737
254514245
255438012
248205406
250899821
13203709
247524426
72714470
255571592
249425739
41195504
254707092
255477266
836513064
5683274
255430052
75308831
255707384
82704804
254667414
255126895
246302456
76362504
254156786
834336
254611155
75886399
697830642
253753524
249909874
254918309
834603971
834485480
436278142
246349917
159054
248850456
835277199
6522629
10080424
8993508
247179527
255076921
75590219
250970328
162774339
30377879
231628155
254672388
836118264
255171967
646530128
249623634
833752366
258579905
6563174
648077444
74701942
254817605
15797184
7189002
249783257
774142503
76626183
248953448
838382936
180560593
256821891
249098014
255255027
164000772
75893721
183401271
225708924
247056837
255538278
25986029
230992050
256688324
257768983
263297903
254936611
248184375
646623732
254511745
29621935
836427279
254290832
250572266
247349509
833848603
248920100
5800223
74114538
255394813
37690361
836949759
603630857
254374446
249746877
834767254
255485090
249666970
834353526
254312923
248519493
73388041
251723836
254672830
247411232
251031118
255145008
254584470
255151424
643157407
255049734
248140719
174175194
21495683
648794308
76475571
165353576
74734204
834954413
648885409
76086746
840005572
251686709
257803318
252594474
183241083
183218445
174330528
835142283
246359771
29566623
183384620
251458371
249713975
246334659
246377814
254983080
255380837
835724378
255409222
256404936
256187120
255636034
255029090
255086252
263657582
4515028
255356073
247621940
248588758
227010504
1922379
249125641
256908523
648113494
2651570
648200626
648303353
253313472
246323416
247080644
831643059
254469234
836423373
255587596
249962533
831349172
255123895
249695137
248999340
836594128
42464874
837661698
243703047
74164662
247438805
255870968
254969888
834204454
246754151
252266316
255771188
255268666
249556324
837847591
257975640
36901
830650691
248971796
729354917
249064574
248252186
255188393
254974277
246395581
647085267
75892258
252388267
246498765
254881720
251378621
254765036
256309435
646567431
255904540
234362022
254764331
254641696
253884071
252440508
833790181
253919923
254094532
248150807
248449479
248121383
834755046
249863441
254433916
254015726
832335382
255898249
74692507
255584214
255784073
832436963
248097239
254275691
254508368
254965084
254299209
254034654
254846920
254526146
254568221
159900648
246477262
255226757
254459947
832321421
255452296
11590832
255114020
246252971
179888562
834806273
231635391
833892282
549449896
255300766
834393522
255420936
256353324
835933449
649579159
249322528
246106220
248635825
248912815
840075135
255502140
183368240
247697910
309901172
255006707
249332028
254593788
255497075
254093369
838123883
836170988
247394188
64653880
723466277
33916842
836158622
255644451
249675361
249445741
837811393
255333811
247493869
253630927
74106010
1531325
249422201
249348604
646983992
258185674
243445390
246044007
254907645
251454687
1799243
8054491
178064
258635273
254525149
254724565
246407127
2243876
174730552
830896030
249389303
254251657
648323584
247337019
248662756
254656446
76449050
614910529
27242951
648032517
253536748
246291822
255003021
836469480
257247971
254055955
64515978
254737887
839119251
60439445
831074589
256960774
248540406
4109593
253943529
501335047
254980647
843979787
46247488
267705
21335691
254698982
312238789
255561981
255274058
643833814
157027007
834587621
648138441
249556392
832705711
646939739
646524105
836150756
255948551
833056845
254761211
699528565
75949891
652902642
836190825
551862180
241714190
10332714
75119415
254502357
255223372
254193472
836372507
11163671
255507371
249391018
249606421
165798685
648035291
832371088
32118269
253960794
254543813
762060941
19624227
833632377
72960114
838054285
255400101
254930342
248878882
834503575
163769248
38333720
250228328
832692956
254077734
255305921
245681311
248026958
253650149
175167073
254480216
254903701
255438080
255090674
254978919
258697112
254470897
837771739
249489333
263586925
837334984
6968643
249782300
183423567
315961026
6085136
837980938
646519512
835164710
81751090
250399889
246667397
252399855
255362213
255010483
22932064
253934615
837536669
248936016
255568674
648310528
255499800
174260417
72406
837368471
254763577
248659873
835854487
174980593
836266639
249437594
832148921
2877148
249204646
250230138
255924638
249334276
246269854
249687978
183368903
281762
247620822
249208085
247744108
246286609
832295789
249170413
163668563
80810567
254599802
245979281
246648982
224579069
647214563
26404481
255412134
648222787
834536924
249382051
8188429
837656614
247343896
255410807
254932083
832205898
73318108
162199786
246075810
838954022
237319016
839002359
254283629
254829494
839696360
830687281
836540175
836059051
254714698
75999509
249543792
247166711
251494809
255145373
250502739
836841462
649262943
255411137
246318525
249502196
250985810
254200209
246345511
255006564
255790464
5968730
163516545
247981526
246589120
838197258
255163613
647914994
21178908
646145203
300038257
251465693
13941450
648129450
254964889
254934514
254493132
253767698
255452763
250174486
254992058
249712879
255401462
255957952
246453138
837605038
61920981
249188469
75718769
836903264
250955910
25494475
648792361
247195537
249223739
2404262
256306558
648274666
834095836
251742402
831171543
255063974
837968277
250577036
256993056
255517626
254062562
74976465
256432334
600849979
251034292
838341712
254961186
254886425
647545544
250016477
836060203
838047507
249922093
255564866
839844691
230964769
637462994
248220044
614313250
162785333
249910308
257175630
834391536
248751162
248265075
254969329
221631015
249568822
256027544
294424
838222733
247372388
246576783
255598685
8781360
72710854
72688935
46453500
254303482
254156432
255273187
649139344
249076757
253612991
252046838
164243856
249782391
254146020
255232972
836442655
835781046
836986047
254459284
837156721
31022877
248355459
647294149
833867584
255575575
248947855
253388327
73825428
254568698
174695135
246570685
254868914
255671085
249258005
254059850
646621509
46027241
73663083
835450059
249535590
649146374
248519799
249882626
832407276
254575047
839425699
255269567
249671493
249307083
839798466
836839336
248883944
255087526
244044379
249847323
249471529
837773413
832594178
836408019
2930686
23996106
832469195
255742924
648310796
247931187
247061705
254727110
254750361
76756792
255219898
252468535
22114059
248463249
73545860
255457958
253948405
219127224
249283953
2000405
836248539
248601728
246332294
255327664
254066669
255226694
224706331
2644175
255258697
255502433
835400718
231340371
183402590
9392445
246458746
254655681
253742119
247590232
249741947
255100283
256048708
255041340
254260789
830870993
238764321
836169255
174835341
3822833
311815717
162320047
180080860
834555772
252484111
254269574
255488729
251456169
254066036
649500580
250405376
174318823
19325585
833463745
840068714
611575771
249604143
251999332
96981
836856983
249030477
249562850
254542833
230844469
255446165
254597346
255906164
254735843
255330923
247724957
246365084
254069029
837740175
36780
648978316
254211033
237398721
2427102
157259666
836009679
250093169
835529022
252521725
839876095
254667631
253861767
837917962
316149763
247317902
249090487
252983242
255143646
254148372
837929818
255930194
249357176
255223518
610920319
1273772
255367758
246310383
830794644
254935392
837134763
254473585
837649722
162215091
254770595
835141627
1112533
648146460
255564114
648126026
7185028
249468989
249195605
258637436
311194411
837453928
248618598
552502008
255344085
245967396
832242968
254236805
254969975
241295929
836845819
249391624
1504636
600783274
246444255
835737266
225396535
834641113
836814058
10550576
254591562
701047444
254145107
214405731
837949344
473038126
833519480
250013041
255446575
246463826
255615986
76431805
833090121
249696574
255531154
246363494
254880842
246653096
254010892
33184881
165009480
254182199
58579155
838064608
239221573
248748992
838054980
256469856
247717213
249459214
298554196
255709903
20961725
255191411
2812090
833695621
75107991
248423589
248635965
496277980
162979167
835439087
648067415
255245734
255775826
836367451
700528955
252439706
255282479
663474279
255475994
844947006
836331368
255790620
256632945
52847962
1836050
254671923
254442836
246398518
255352750
33466998
836165671
255633550
834739485
254716141
255954733
73542786
253162043
254532868
833452831
255892705
249293303
263569435
238829519
254339438
6603058
76661303
231127297
832466906
830755040
59863134
8505142
245805868
26136477
255185403
254266874
18586096
255216071
254824188
249634634
6981314
255571626
254240274
72603882
254605093
255771068
254703492
255935893
246360834
246477877
2113939
254112334
254480774
833811904
254254777
248905802
249855908
10097465
249230517
255254325
174625277
249057853
647970642
254718859
254052323
255208024
183351420
255368938
249191346
611972833
754890824
833915720
254549471
163459076
255247846
5121641
19517404
251486655
231991416
313496453
183206471
602781049
472044159
250288257
247921773
6512602
646596729
648126030
254314012
249738106
255471853
183884342
554151898
165581087
254536556
836902765
310460331
249734131
58645682
26017480
255024509
216095756
255406503
253444253
251722580
24380525
831378362
254653223
255131933
837771509
252465001
611623948
254916853
833045558
74992747
248007986
249063535
614324480
257682876
17343084
256472470
27577042
253041664
249614677
9040284
609935633
227010722
833181291
741725688
72164158
648130830
251125228
254911185
255334355
10767751
753626409
249331778
648041064
648201127
255291523
249326752
176053
255080936
246148949
61812119
634084154
255224565
254235976
250292255
553716798
255930124
246386940
254597466
254077688
246474603
11300739
255494384
258097713
252919930
131226
251971462
263629799
249763937
255820387
634422062
838430594
243451163
247641493
838019007
249784574
836787243
255277878
247041003
254730945
245915219
249566979
250574696
248043957
249332946
254741362
21226759
33280037
249441823
748920642
255438074
835825555
833819461
647045171
833210321
252659615
230855938
5196369
647349020
255658382
220512310
255090114
254713206
246999067
835786721
74658895
10390213
336971
250716192
249245173
255607059
835808771
838383526
254186252
246285382
835688447
163163391
255259655
249433893
832481411
247161170
246075588
258627745
255410137
255508414
255868646
248250918
647953762
249887470
246368040
250344426
249953259
46288291
255535507
838298485
247973238
246026245
246191507
249002328
29388925
255604389
183403451
263328543
611334660
255483252
214876932
254292382
250922297
11289337
164486268
255077195
246264606
17497251
643060813
249645148
246799939
1111301
246239717
837638730
612215266
837618286
246305038
839883870
249337840
5022597
254069727
255763102
5939863
249619070
256232098
230979894
836007970
237381757
612716230
250271783
835993493
60463251
833249243
836919968
253552575
255522935
254970920
631705350
30895083
255376787
255159549
837072417
253311013
163742079
248236541
254447060
255374023
249716027
837030988
11397999
74478297
255369293
648112374
255075250
255377738
255348732
246765321
247541615
255308669
255763295
242195173
220417786
253030323
70734491
837988449
648291285
247725452
255486492
832560648
257799496
834674237
833913511
255600066
64245883
255017505
249219271
256547761
255843684
254207529
245767366
249318764
250039208
248273073
19981447
254020351
254320660
834733720
253889034
833456285
248728311
174242561
255741550
832143251
254925574
834329982
835651459
551962897
248494863
249325107
253958988
174913854
606025
76572881
646533471
833854207
255463214
255781586
174440993
247908454
835400263
255478811
836598395
730018451
254216274
4420160
248997712
246248706
254998086
52657363
337546
246449298
833098336
250080049
832372580
21903761
838415938
231617820
264144020
248351879
254582337
235928568
774236755
255406458
252458711
839826655
648031013
837713854
251884602
255220799
254227162
255404682
5716176
254560301
247949997
727722765
254728860
835941115
237376498
46126410
249438555
249226873
833787293
254769648
254804850
73344033
73621116
251197742
74135610
254931650
837032483
183398599
323745
838978549
472474480
162826286
834772854
6279656
4384190
247337454
249634692
646567464
255083400
255348626
753372023
246129620
254955476
231853470
73480948
250967191
254463018
256583170
247840435
551657406
255822390
836366575
647042891
255242904
250188933
249191202
17577916
698662
500092
247613711
73226246
255034433
255201193
837071611
247901626
255153654
247750046
175111365
249981488
836836823
832743590
646982090
248347764
255867776
254304726
253337101
3590617
836181902
254486504
183403127
254582353
648096231
648212267
254345554
648031191
754076285
648972831
255234250
249334743
613305941
731391605
253958116
74661071
613277324
84352138
248657253
247470489
249424121
73645789
248763146
243890173
256235756
1341097
33977896
7852025
159897073
1201578
249582482
792739285
34372200
246234729
255477677
73483677
646565453
253377994
21523869
174833213
833781621
246737958
249589702
833065178
248545638
255968086
249879059
663480749
254339017
834814785
836176
835632705
254708788
246727121
255480361
249431461
648004604
254718965
837938334
183198579
245889370
230664642
833620963
254299999
246671609
251953685
648025129
256473288
837857382
248876567
253098789
248743586
174854055
837697445
832528264
835564826
838127786
174196192
836023893
255456850
838659635
255093146
837623139
255067538
246325753
250810892
254313002
837198583
36701710
314236835
250081490
242311764
838264505
254905006
837661348
833611383
255186650
339391
256569010
837701438
254502047
648337788
255227403
255438394
246437810
837262732
233113
213781816
60203436
255555662
255919846
27389753
246495663
253813680
601690681
833465684
254629691
224663766
255224886
254390180
251568385
310664951
254179054
60482896
163058466
7795042
74138892
254381904
248977027
833168544
254909209
163798124
247349616
837709038
255049335
5336165
255735301
4932761
246105343
73849283
254124871
254213832
835693011
254347070
255215486
164231676
64649754
46305431
251164368
254481101
248425828
258087851
254083676
246385162
831363551
255282569
314473003
254816454
830720557
247364383
249175479
183336069
254319957
250160751
254698058
255538376
255166641
220539559
48742771
179887357
183290362
61840226
255400526
248457732
246326420
247107226
247309250
836466814
257734849
245946880
252883158
219958301
255720197
254694987
836611412
27577796
12292256
836847034
254916639
75139136
255393323
249228395
724676320
249774394
834369567
254463844
246281088
255709398
26901787
836829952
163659511
254382252
255058725
647991423
649579139
255704289
249692479
254576072
2655193
255393176
254776373
249435395
833530606
13476822
836924199
254391655
838173376
246491157
255183287
246486893
247089615
255908557
245885815
252825486
255103047
254678547
255363487
247619400
246457307
255049976
312840864
249276164
246212307
649110224
254746006
162885677
249439420
255950081
253013389
246346727
254134556
9034029
255035682
75988803
837920266
250478954
246457617
180164217
5392679
184253
73647060
836515372
4259337
254715233
246045130
255759332
249415681
753599834
250478652
833801262
837377233
647118206
254842834
250738621
255058138
248064424
250043827
249002771
255674234
247533910
24201108
255301175
248141398
649631615
251147052
254954877
251818958
753328201
247513137
246422531
43323542
249752593
648030988
254043646
10512066
254358096
254718834
183218393
7449282
246372164
648092540
249987614
257986971
552133017
648107533
255524007
249752285
73441107
832562000
474453603
263592930
249980355
254048099
163674274
251785254
251846211
648298423
254825371
249794721
838785395
6832999
461153
254959209
834978243
174523595
247526304
252910148
833749131
831074568
648227743
255061385
15366169
245911239
833769435
247511267
249330314
320536010
837497885
647278075
249803658
246700563
254828565
246318601
254013013
311070371
530424846
248051249
73736560
255210680
255745588
256347312
834747987
255344819
251400484
837132115
835816016
837308353
832335279
844073174
74175950
720143314
254948622
256373288
255850508
10266427
256209673
648962075
249995375
254031588
31593944
253900751
832286690
648356304
722467832
252617821
246695011
254997985
249852537
2816097
257469302
832727980
257271724
85680065
838146915
252470129
246473957
837705219
838532436
2242266
255436370
836896993
183359218
19940662
649252476
255694639
246416765
246372396
836182017
253327281
249645927
18256330
180569909
246777877
256347349
245966464
249375555
46236550
174500990
253680706
16746843
255802717
254998976
256116150
648027619
249397278
45721480
254600908
245974194
254608810
255933410
831002584
254110779
249541861
247107556
649466675
836808210
255257322
246278319
231581817
837717034
254011398
258756881
253768373
162455836
250989632
254630491
254767416
838168299
246629146
25207915
648935790
248772458
246796963
75810307
612575726
243016015
225518155
183230726
253740163
257708232
247183190
258534447
64413815
247637829
249575032
254595820
255511444
837720973
258445346
838070929
246232239
246312407
255169472
837011583
230699032
17074232
837810549
837840348
249434196
254630760
247052671
614636036
648164891
254380817
254739718
257410958
838984651
254625645
837935289
258428705
253468050
247924073
255372123
248334179
254732823
603959474
254229877
459726
246311080
254610930
255705327
162601188
231987431
249561185
255136037
255745385
165512553
612356569
257074092
631806234
251811954
258759973
254849725
254896137
250111355
552296646
4591992
832431920
250849292
520893886
250429362
75936457
648941596
837701884
255271508
837699215
648824189
174764518
255468910
246538537
163743289
183363898
254352595
1874512
255769440
256573820
253932713
171628
672386378
19818131
753621057
74236346
254474243
247843338
254962836
610961165
241551588
837966529
724158638
79136487
254815100
251405387
249980474
839887960
183361481
245939640
255585316
255494810
255770176
13792137
251277809
255167603
75281879
249142789
832504940
247747596
1110862
123268531
76657383
312938718
246461926
254526463
246485352
246496761
76241617
837134642
249629880
837945761
252818273
255932527
463837075
254796508
4390467
249643027
20561046
731527221
2091421
239528407
25458503
647090405
247604960
833220762
834498283
837711817
246065700
835528659
648114550
72043196
1856466
263560603
254514745
245629064
255056249
835746174
198175233
255338068
72132465
836047850
832654553
258451099
8989772
756319664
239761567
802552867
257222964
5307063
836568073
253215414
255238802
833512888
632594540
76365496
648853996
602891660
254533142
255024929
247744413
252848823
835898835
249000107
183365475
18934655
1933593
246055611
254692163
833151347
254738584
250550375
249377927
255232490
61949428
20366866
76379389
256229762
246713319
76618937
254546039
255720008
648041419
255522070
72450306
254096838
836559605
249275102
183438522
74188423
254572778
248536413
163022884
839826518
250217967
835992602
258476475
252332175
10323684
648040529
634831472
837654630
258520415
46236399
834559292
720861067
237075868
18556981
245707253
254993582
243864807
253561877
4210456
257455844
247535542
247011288
255525615
177265385
839090869
255736593
255441275
72739441
75648352
250455846
254964638
254940755
837519950
612589923
831126526
8133902
254780938
249157446
734643
72158412
38140841
255261775
254846573
254339886
247586852
247340360
231153761
837575065
60436216
255478960
75741
707185174
183332836
255435298
256540081
76178688
164368364
254766722
247288399
163258596
252246388
252938390
5414020
253801235
164567759
834507439
837047831
183361618
248013559
255953716
723603733
213395157
249792284
247974986
246233026
832400022
74645571
256077709
75120153
258064090
247422187
648027253
254533104
754078594
702650665
254128116
255013192
837203473
835379715
84251146
257326209
255357809
250972324
231922670
254204898
648216869
248559047
254891312
247119478
249648151
247113140
833521944
833201713
73184090
57779849
603956729
255922193
71577645
22597082
720719936
183239498
13786951
648140776
254810790
249701181
253964830
75533688
21424669
253219115
61827168
799106888
255258975
258064678
248029976
255967729
552223372
753336992
647094373
243770449
247327194
247534454
256548776
180515651
249157585
836038271
254729846
246049055
251383363
835844798
243338709
836011828
832412665
837026661
255340381
611553826
255643336
832767197
231681873
75364978
84227743
247222456
255484925
837159270
254448694
837179286
246414192
246435453
477143054
2150544
74896809
254445410
73473391
246022316
832540030
243771919
254766587
254857116
249885383
43548861
649366625
26257165
838525396
835929751
26634859
27936001
255877955
257689135
246367879
255520451
12935684
838468066
246229066
254687658
249681189
834987684
254292618
254000387
252327661
254734317
248902303
837258905
836560345
46145918
552596644
648038251
254699914
253954634
833053165
249691339
649568537
255326422
85558728
33999028
246304284
255068454
247346014
74848949
249747782
254776304
255845544
4856976
248641125
253485363
24143158
254513433
27788449
648039317
254376258
835761279
250285776
255379084
74119485
76190962
257776039
249622779
255483297
835692325
15541658
255069507
12695388
830680895
835140208
255842675
255188864
648133061
248077989
255167099
255545532
255091592
254298009
250312264
254913455
255349848
20692861
838276237
255357282
252383308
836286461
73106682
254909794
256393718
249385820
247758322
1415764
249019382
255206372
254497078
254197720
843979872
7668585
313045821
249491508
648056673
648937936
246376863
269256168
250723014
611205483
837133043
248631790
833106830
248398095
246492161
255813069
649212365
7068501
249084830
255106579
831342343
255110703
249951287
249233389
839825118
831402904
836588245
832971585
27532259
12024639
837130247
837733953
253679931
315530091
246034954
249070235
248004544
772673596
255703871
254589372
646869338
250123396
48730182
833788659
256739335
255417120
254733251
255403198
248719757
248179224
252807837
313175092
836534754
250417633
837788706
256703445
249754190
837030722
255147287
648323518
552583310
3362018
836353742
249470217
731124307
255966320
552074104
254402185
832501709
834707414
248938328
315701491
833457061
86153992
254173327
249270501
254486300
64537138
258421272
255132561
231873973
255563392
649621502
253913289
249086642
30860911
837687068
163296778
255921686
835422708
255449598
837214001
246454292
833450758
647088840
255250790
75658958
838250322
830654945
264939591
248321592
648151103
257236063
256873177
258061943
254209142
249806530
8034633
835160281
255186205
835829676
5672912
838911509
247811582
183402964
248042571
253818146
254606923
647832708
254024914
1584878
247960071
255342172
247272054
832680774
835564375
73245831
248001586
834493741
254671944
836282571
71971740
647547598
255815311
249523576
254691390
251181947
256303924
246412264
1269792
34887355
230756503
255580919
183892846
255431052
81465968
246369952
255441142
249712828
254686831
839837379
835803777
254666487
10753251
248649271
255456625
833583044
247989662
225771616
249196694
246445668
837225828
72048080
254732122
838739185
839787105
255001907
9795727
836605652
839859420
251830411
254256413
164552183
256055001
834717113
255060153
837299477
444843902
255837641
246071234
252491141
836535534
722760510
257027592
28793774
246082484
837074205
183338964
643613403
255221218
834496446
246766862
257798558
254620672
34126041
46262082
837068721
255891816
248265432
249743512
832565343
251026789
248252851
254593177
835755789
254074123
72956774
258346634
611554467
10335827
249911337
231655748
26196102
84468997
255497752
253907021
162610680
254748662
255716109
832272945
249261470
9041970
230999797
835137230
637780618
255170596
255085101
249320086
648902665
634518423
249419239
649077611
255268122
253999805
245751093
254468737
254606067
249795995
256569367
255455052
637336357
249599021
254513926
248196373
258576092
555088778
255268934
246455377
180663838
831029703
254053265
832199746
254784138
12591032
254238218
250788142
837661560
254138011
255052601
250768120
247187130
247094318
32185975
180714637
249969595
255436274
255933637
252927621
838141003
14356320
837762114
838456417
2297154
612178404
1257809
73843208
249459419
220548510
252286595
614440438
832311932
249775374
252807833
832140654
836257129
75879980
835831234
312031589
251027666
255203970
637475609
255640918
255314565
33827341
836889304
247338351
830639542
30025478
249622172
833464028
837715258
183202192
247981523
255818747
248265558
5596628
76347771
255910835
249775966
834693036
255243934
249572134
254761843
183385005
605017885
834456987
220321669
6834201
835416754
255904475
256035402
836002801
834345273
64518520
29093277
249284594
247860479
248579493
246314837
256594420
255296582
47167681
254363763
252005519
3453598
244071450
838072014
254467968
647697705
26690721
224912447
1939585
256704585
254756791
247218371
837303976
6278566
39386262
255035223
8566575
246422010
254686161
255516325
183363588
243695976
255719972
254072765
647907147
600759915
254923718
254436433
247568298
312303413
253428773
246619831
251491244
833208490
722814927
248801690
247916575
231684737
255793525
836859155
253896179
43813028
600519056
832763610
250602185
314414429
613046435
313496719
254907619
836321973
249677732
73297146
257945492
253953792
247767159
439738151
24560990
646891114
836254503
256556661
248881209
258593504
379493
832168388
837525406
254936749
254334119
255876669
252462061
648878181
724651544
250389321
255226621
74307962
253589975
257686004
258425225
308528
255016695
248451046
237353751
254424651
248185322
254461287
245883299
254717123
6213794
248380621
832815538
247250359
254398276
249808389
254470010
73198300
246432652
246389889
255237336
249549350
23139725
73908608
836091887
249236197
246731842
249402418
836316531
75890453
248193349
255799074
255202746
838674843
255554005
27402554
256361317
254657383
76400669
255454454
833752738
837127302
837895427
255251955
254716712
1738266
255674580
833110399
248227182
423761533
253940364
258357421
254960068
247550227
646610222
246127905
183359368
837054135
724784400
246178928
253151974
254920813
4808952
254815443
832279642
164607823
61826725
553640540
247212994
255353374
839844542
720149024
75951227
255284404
609931844
2950830
5401335
8176669
82648470
11300330
647507303
40364013
609827219
256261897
255895688
253751939
649321780
705498915
695787482
254570405
832352069
247415293
255186374
75849285
51709280
832698760
231900034
255769149
163741056
838125325
251700647
837604196
246316856
252287393
257270121
255542735
833467181
4210511
72954700
833461751
257935444
255314691
833822902
648325414
838150330
312765759
246007936
175050607
257870913
254476733
835491972
73432760
174175594
4549328
251992877
609941852
833381160
311753990
249487197
163098522
256376769
255872706
835891175
834299185
248871759
254130101
836298667
183203936
40249432
231753013
646875858
249420191
252824130
246448755
1667659
837785036
255427179
255036880
832277369
836826774
246532894
6893020
832428279
255442605
254377201
255028148
248242289
225135308
833233465
833470487
249720438
256294251
252305503
255116283
248308971
254996293
254920137
249572556
248576756
254980192
256539240
73329012
552147603
255757949
254081663
648987776
833774717
74973618
5674532
5749722
610913032
254736446
658236820
162308564
249490447
247196152
254350869
4189074
4497985
254278481
251187544
839052625
258160177
183201709
255187259
254556569
260086768
254917833
649304997
837495566
254785967
837196863
615491552
837004565
731012030
254656341
255564248
834638308
254331355
257107018
248691052
836552638
732295092
439827
255072825
75872691
833056317
254874921
180729316
836762254
753648054
636101069
254420202
74179605
174360050
1201927
723941636
254999224
649635319
237378209
837758582
830756606
835580852
231801401
251474647
15628055
247824447
249034146
254989664
837014963
255201167
836220019
77735183
256389486
832222472
251827846
249611742
256375695
256650588
74314408
839700129
254450883
74474178
34268286
699083050
255145963
76144239
255403849
254913318
834195621
20270931
254961090
250240894
254811493
253536772
251717190
837260845
254590178
249454150
3273423
836932932
231055412
256625699
72743957
648911139
254599196
742014058
246827057
39379667
23141987
249280692
163153638
58646012
832513140
174488398
183214349
30085732
250784413
648157311
254353505
258745800
64545090
836383615
247436564
13185538
256577835
24789611
123775391
250024337
58641623
252375292
720631542
6707825
833871397
255080539
837894358
254156350
247019043
255837517
249788412
179804909
75726039
464382063
237389227
836263259
255340137
254754787
255754125
838774340
249992951
837753295
246494390
984794
831081220
836548012
720813744
254335312
48735526
256273069
833464996
58611617
722227444
75581988
74180892
253874093
256648828
254239997
246487204
37808665
247425383
253445468
159872010
830820301
248326165
249678487
255219087
630430162
249082703
551118521
254092540
254671460
40937168
246267835
254068568
255722334
614861050
255388842
246382375
246092534
838864918
257251489
552576988
649154502
253895631
10841531
831027805
249808136
74858973
249828384
836905914
29670542
838173389
255549702
648324224
263603748
250012445
163202255
836000455
837802499
648292944
254706688
247426793
76591453
256313494
838697686
552447568
255037515
174554320
250003342
254820316
18529630
25519714
254421502
836054890
246389613
247684158
835500056
246235961
4492529
602825956
648919239
255970971
246465844
255431796
252071744
251848985
249538548
613330929
838386896
255855908
6344443
76002135
831325748
252905785
248204713
832855233
246767919
834605319
836929129
256079606
249990194
255727948
249656813
246113256
11540280
844206558
73698816
245850228
254743896
649565087
254587137
255700028
258617299
250044240
248354129
1021420
76349859
3843778
254822811
245839193
247949296
836515968
246227882
255189675
255166153
252034200
21546917
257023609
836660299
255223619
255306679
837992958
807493619
833138327
48742905
551636858
248177839
255251931
23692434
832149128
246575521
246318220
1084217
246200183
257188298
600954686
255165125
835437001
249614924
254504471
535320427
43121686
246264130
255022545
255836807
249156133
255051781
246132645
839053646
255071843
247014639
2333449
254820117
251274333
249251876
245709831
838329549
610987516
250062882
255787437
499947059
73026065
74849411
231636261
648781929
239997980
254161917
238665130
249226793
254507484
246786027
748701714
254689752
255963830
249523054
246627536
249925473
180151715
255039676
29570145
833810897
4418920
249221462
249663698
231129049
32905069
9686763
254672486
71952274
248954250
256604622
255547439
254734670
753119214
255446082
247513825
3553897
255061176
253981399
255228206
833313272
835927003
23067969
248637446
245954642
648179619
834502197
314306358
833245849
832206908
249890431
249516668
254968885
705328074
162258705
248304331
249160438
248456151
58646810
255090407
247627771
256315022
4850893
247385476
138664
254934755
9217077
249322812
255534963
249325414
253732053
3631258
255080785
246151547
613273795
254956520
251787878
254318223
248339774
255918179
246300296
254678068
249579996
249845701
4517959
258107516
838436688
251149445
255133169
249085306
836801165
247843855
254694299
255474479
754082050
839783305
256161996
237023384
230813652
253965421
255166024
246479081
254708138
249081854
257399457
602126963
255312067
255340060
833871129
254987093
249991021
246327843
837868664
243443963
832678015
181478598
254513051
253612003
836340332
258092698
214518059
246351868
237329461
246459798
254496996
5282898
833758198
254527451
249761170
248820707
251775164
248937369
648326682
72641929
836366279
252803514
648308779
649494969
836092612
247999621
831352078
834496692
832771754
249524143
248565137
255425738
255511615
255442134
647895295
255193092
254530597
254993290
249919103
257482639
837016412
254471423
251354298
833381761
9217865
836297812
837675758
254698828
247253527
832722532
255409108
72020864
552039320
246108949
257618051
254438581
215292071
64659066
254818181
231928584
310472631
246345331
36218829
250011249
8039360
648285419
838488259
249183671
248522248
253664166
18617428
254827583
248619167
2693853
834475412
648036693
256604649
246209645
837714924
839103266
254437072
255240468
183327712
255257069
245679847
247541099
245889271
248090362
174512918
832434081
836248835
9834260
72912581
29416680
831102697
231646772
253987102
255535876
249869081
253349553
255398204
255219521
256877309
246753169
250538072
648041220
246462784
21142478
7463946
255531606
220187002
9719849
182511781
13700783
425166
247406836
834173641
255068524
214841019
316278171
255444593
648873352
255779778
553685223
230233260
251671163
217210623
237715605
253989814
247245052
248358111
248234156
249500754
647257945
75549541
834350577
76111426
75880462
255777899
159871696
837613057
836375210
231449245
833466003
255465752
247948955
249935334
502862003
612666510
249521275
243828976
26895717
249867987
249881955
248170691
245788167
255057688
303446
246779655
61980938
751016075
248474788
256677832
254915096
157027511
836916742
52664686
253976648
18415910
75421478
254323241
255378351
15287915
247193906
256964880
74510311
254257847
254616129
36215085
831124942
725024440
255008836
299745909
254798259
254381694
555193516
249596169
254580554
19053053
3554816
844071153
256068176
648329902
231974500
246375088
254704227
254672397
255061920
246450034
249342497
43087839
76243259
183330860
254356357
237675012
256564021
253956164
254704681
255148975
46131041
835403280
258186774
246181301
649367615
110874
74487731
254721448
249695234
834093097
834126666
248479451
73790913
632809145
73549867
254509506
23975167
637183090
833134440
249912131
836164675
231705217
462229914
251687118
2598431
695924400
246774829
250030963
249265689
254563929
257948552
646575578
247779480
255912510
187085023
249575426
255685189
836549325
249689618
47633842
838264431
553667144
649488559
163225819
254744117
255936728
255280505
249229050
254544220
837392221
249499306
255192242
165826198
254989661
256340610
250348314
255167440
245208
311269856
258561700
249605005
237679901
183248526
837974513
706941984
249956875
255537593
174808684
248289642
76558511
253680349
252944540
174791331
253164073
248297710
248131259
246675813
163390895
255357878
264139856
254309834
251433066
255363660
254699452
2887933
255341334
26626621
163678973
552225835
833203741
712552737
602048440
247159595
255146650
248022324
254849569
13034278
249210221
246368158
647944406
247864649
720715885
835858938
649371360
249288637
647020656
698821371
254931741
56863500
649059446
12268945
833822092
250201471
832574487
839907147
310715608
254612799
836871672
255921947
610795236
249695636
247764633
255570542
837537217
247736746
647932890
254479569
254275626
255407604
246472871
254669285
837718436
58583823
255586382
255453461
258542155
257992729
1950993
255075670
834112119
835858184
255399638
254509824
255309283
254048965
246438418
249595555
255356934
734086004
255088613
552398548
254559670
238482157
831313837
5060837
251176462
246336836
253921485
255914584
253895579
247294761
254702190
257727576
250017395
832992504
255461005
249926655
255059829
255038859
254304697
830991004
247384054
837011806
248274118
834467686
832329041
254826797
255298906
10334741
255179187
246303326
255773873
247067762
833471595
255690969
254974129
77732894
247372812
255254698
250337264
836254033
254686335
251039702
310073847
8589885
246333259
250034519
647046725
255405222
250015743
838775381
253136765
85246212
255288104
257456164
238823611
255332321
254069973
255368020
835222998
60484660
163780490
248460250
254207981
247756379
254545525
255440696
6107500
252475299
246037201
255069211
836970390
255212928
46090923
255330474
2167408