Fri Sep 19 15:02:13 2014 start
Fri Sep 19 15:27:39 2014 1000 checked
Fri Sep 19 15:45:58 2014 Could not look up http://worldcat.org/entity/work/id/2016512647 (repsonse code 404)
Fri Sep 19 15:53:35 2014 2000 checked
Fri Sep 19 16:19:16 2014 3000 checked
Fri Sep 19 16:37:04 2014 Could not look up http://www.worldcat.org/oclc/254273175 (repsonse code 500)
Fri Sep 19 16:45:07 2014 4000 checked
Fri Sep 19 17:00:05 2014 Could not look up http://worldcat.org/entity/work/id/1997799832 (repsonse code 404)
Fri Sep 19 17:11:17 2014 5000 checked
Fri Sep 19 17:38:11 2014 6000 checked
Fri Sep 19 18:04:42 2014 7000 checked
Fri Sep 19 18:31:00 2014 8000 checked
Fri Sep 19 18:35:29 2014 Could not look up http://worldcat.org/entity/work/id/1937044676 (repsonse code 404)
Fri Sep 19 18:45:39 2014 Could not look up http://worldcat.org/entity/work/id/1939165844 (repsonse code 404)
Fri Sep 19 18:52:12 2014 Could not look up http://worldcat.org/entity/work/id/1933554733 (repsonse code 404)
Fri Sep 19 18:58:04 2014 9000 checked
Fri Sep 19 19:25:12 2014 10000 checked
Fri Sep 19 19:52:11 2014 11000 checked
Fri Sep 19 20:19:00 2014 12000 checked
Fri Sep 19 20:46:08 2014 13000 checked
Fri Sep 19 20:58:34 2014 Could not look up http://worldcat.org/entity/work/id/1940610242 (repsonse code 404)
Fri Sep 19 21:13:19 2014 14000 checked
Fri Sep 19 21:21:43 2014 Could not look up http://worldcat.org/entity/work/id/1939407015 (repsonse code 404)
Fri Sep 19 21:40:06 2014 15000 checked
Fri Sep 19 21:49:27 2014 Could not look up http://worldcat.org/entity/work/id/1941619573 (repsonse code 404)
Fri Sep 19 22:00:35 2014 Could not look up http://worldcat.org/entity/work/id/2015343535 (repsonse code 404)
Fri Sep 19 22:06:59 2014 16000 checked
Fri Sep 19 22:35:00 2014 17000 checked
Fri Sep 19 22:46:38 2014 Could not look up http://worldcat.org/entity/work/id/1940997391 (repsonse code 404)
Fri Sep 19 23:02:27 2014 18000 checked
Fri Sep 19 23:30:38 2014 19000 checked
Sat Sep 20 00:01:08 2014 20000 checked
Sat Sep 20 00:31:29 2014 21000 checked
Sat Sep 20 00:50:14 2014 Could not look up http://worldcat.org/entity/work/id/1949023951 (repsonse code 404)
Sat Sep 20 00:57:18 2014 22000 checked
Sat Sep 20 01:04:07 2014 Could not look up http://worldcat.org/entity/work/id/1940253345 (repsonse code 404)
Sat Sep 20 01:06:26 2014 Could not look up http://worldcat.org/entity/work/id/1956688868 (repsonse code 404)
Sat Sep 20 01:23:15 2014 23000 checked
Sat Sep 20 01:31:43 2014 Could not look up http://worldcat.org/entity/work/id/1939266340 (repsonse code 404)
Sat Sep 20 01:48:35 2014 24000 checked
Sat Sep 20 02:14:34 2014 25000 checked
Sat Sep 20 02:40:03 2014 26000 checked
Sat Sep 20 02:55:35 2014 Could not look up http://worldcat.org/entity/work/id/1948955268 (repsonse code 404)
Sat Sep 20 03:07:23 2014 27000 checked
Sat Sep 20 03:32:25 2014 28000 checked
Sat Sep 20 03:37:01 2014 Could not look up http://worldcat.org/entity/work/id/1934371259 (repsonse code 404)
Sat Sep 20 03:54:03 2014 Could not look up http://worldcat.org/entity/work/id/368662332 (repsonse code 500)
Sat Sep 20 03:58:12 2014 29000 checked
Sat Sep 20 04:24:24 2014 30000 checked
Sat Sep 20 04:29:00 2014 Could not look up http://worldcat.org/entity/work/id/2011972601 (repsonse code 404)
Sat Sep 20 04:31:18 2014 Could not look up http://worldcat.org/entity/work/id/1940041414 (repsonse code 404)
Sat Sep 20 04:50:09 2014 31000 checked
Sat Sep 20 05:15:03 2014 Could not look up http://worldcat.org/entity/work/id/1972475211 (repsonse code 404)
Sat Sep 20 05:16:03 2014 32000 checked
Sat Sep 20 05:42:04 2014 33000 checked
Sat Sep 20 05:49:37 2014 Could not look up http://worldcat.org/entity/work/id/1931006781 (repsonse code 404)
Sat Sep 20 05:58:51 2014 Could not look up http://worldcat.org/entity/work/id/1940399601 (repsonse code 404)
Sat Sep 20 06:08:07 2014 34000 checked
Sat Sep 20 06:22:34 2014 Could not look up http://www.worldcat.org/oclc/496277311 (repsonse code 500)
Sat Sep 20 06:33:42 2014 35000 checked
Sat Sep 20 06:58:59 2014 36000 checked
Sat Sep 20 07:24:02 2014 37000 checked
Sat Sep 20 07:47:33 2014 Could not look up http://worldcat.org/entity/work/id/2016085777 (repsonse code 404)
Sat Sep 20 07:49:14 2014 38000 checked
Sat Sep 20 08:14:15 2014 39000 checked
Sat Sep 20 08:36:55 2014 Could not look up http://worldcat.org/entity/work/id/1940607549 (repsonse code 404)
Sat Sep 20 08:37:42 2014 Could not look up http://worldcat.org/entity/work/id/1940032433 (repsonse code 404)
Sat Sep 20 08:39:08 2014 40000 checked
Sat Sep 20 09:03:48 2014 41000 checked
Sat Sep 20 09:05:30 2014 Could not look up http://worldcat.org/entity/work/id/368298353 (repsonse code 404)
Sat Sep 20 09:06:22 2014 Could not look up http://worldcat.org/entity/work/id/143777002 (repsonse code 500)
Sat Sep 20 09:28:50 2014 42000 checked
Sat Sep 20 09:53:57 2014 43000 checked
Sat Sep 20 10:19:34 2014 44000 checked
Sat Sep 20 10:20:42 2014 Could not look up http://worldcat.org/entity/work/id/1949143411 (repsonse code 404)
Sat Sep 20 10:44:40 2014 45000 checked
Sat Sep 20 10:55:38 2014 Could not look up http://worldcat.org/entity/work/id/1997989567 (repsonse code 404)
Sat Sep 20 11:09:57 2014 46000 checked
Sat Sep 20 11:35:37 2014 47000 checked
Sat Sep 20 11:41:35 2014 Could not look up http://worldcat.org/entity/work/id/1939331758 (repsonse code 404)
Sat Sep 20 11:44:17 2014 Could not look up http://worldcat.org/entity/work/id/6572276 (repsonse code 404)
Sat Sep 20 12:01:14 2014 48000 checked
Sat Sep 20 12:26:26 2014 49000 checked
Sat Sep 20 12:51:51 2014 50000 checked
Sat Sep 20 13:17:16 2014 51000 checked
Sat Sep 20 13:41:48 2014 Could not look up http://worldcat.org/entity/work/id/1944070523 (repsonse code 404)
Sat Sep 20 13:43:10 2014 52000 checked
Sat Sep 20 14:08:39 2014 53000 checked
Sat Sep 20 14:34:12 2014 54000 checked
Sat Sep 20 14:42:54 2014 Could not look up http://worldcat.org/entity/work/id/1935462796 (repsonse code 404)
Sat Sep 20 15:00:13 2014 55000 checked
Sat Sep 20 15:02:03 2014 Could not look up http://worldcat.org/entity/work/id/1939756751 (repsonse code 404)
Sat Sep 20 15:06:27 2014 Could not look up http://worldcat.org/entity/work/id/65769680 (repsonse code 500)
Sat Sep 20 15:25:50 2014 56000 checked
Sat Sep 20 15:51:27 2014 57000 checked
Sat Sep 20 15:54:20 2014 Could not look up http://worldcat.org/entity/work/id/1938959561 (repsonse code 404)
Sat Sep 20 16:02:09 2014 Could not look up http://worldcat.org/entity/work/id/1941020624 (repsonse code 404)
Sat Sep 20 16:17:48 2014 58000 checked
Sat Sep 20 16:44:23 2014 59000 checked
Sat Sep 20 17:03:05 2014 Could not look up http://worldcat.org/entity/work/id/895486688 (repsonse code 500)
Sat Sep 20 17:12:08 2014 60000 checked
Sat Sep 20 17:13:52 2014 Could not look up http://worldcat.org/entity/work/id/145655119 (repsonse code 500)
Sat Sep 20 17:14:54 2014 Could not look up http://worldcat.org/entity/work/id/1944353644 (repsonse code 404)
Sat Sep 20 17:22:59 2014 Could not look up http://worldcat.org/entity/work/id/1941253418 (repsonse code 404)
Sat Sep 20 17:28:33 2014 Could not look up http://www.worldcat.org/oclc/246716179 (repsonse code 500)
Sat Sep 20 17:34:14 2014 Could not look up http://worldcat.org/entity/work/id/145720203 (repsonse code 404)
Sat Sep 20 17:38:06 2014 61000 checked
Sat Sep 20 17:58:08 2014 Could not look up http://worldcat.org/entity/work/id/2023035055 (repsonse code 404)
Sat Sep 20 18:00:22 2014 Could not look up http://worldcat.org/entity/work/id/1944190329 (repsonse code 404)
Sat Sep 20 18:04:00 2014 62000 checked
Sat Sep 20 18:29:29 2014 63000 checked
Sat Sep 20 18:55:14 2014 64000 checked
Sat Sep 20 19:13:00 2014 Could not look up http://worldcat.org/entity/work/id/1214625210 (repsonse code 404)
Sat Sep 20 19:20:50 2014 65000 checked
Sat Sep 20 19:22:33 2014 Could not look up http://www.worldcat.org/oclc/249486723 (repsonse code 404)
Sat Sep 20 19:22:45 2014 Could not look up http://worldcat.org/entity/work/id/266250 (repsonse code 404)
Sat Sep 20 19:23:47 2014 Could not look up http://www.worldcat.org/oclc/163473765 (repsonse code 404)
Sat Sep 20 19:25:52 2014 Could not look up http://www.worldcat.org/oclc/838925260 (repsonse code 404)
Sat Sep 20 19:35:23 2014 Could not look up http://worldcat.org/entity/work/id/150490918 (repsonse code 404)
Sat Sep 20 19:41:44 2014 Could not look up http://www.worldcat.org/oclc/255407661 (repsonse code 404)
Sat Sep 20 19:48:07 2014 Could not look up http://worldcat.org/entity/work/id/286572074 (repsonse code 404)
Sat Sep 20 19:49:13 2014 66000 checked
Sat Sep 20 20:02:32 2014 Could not look up http://www.worldcat.org/oclc/605242308 (repsonse code 404)
Sat Sep 20 20:02:47 2014 Could not look up http://www.worldcat.org/oclc/247495217 (repsonse code 404)
Sat Sep 20 20:15:28 2014 Could not look up http://www.worldcat.org/oclc/247378570 (repsonse code 404)
Sat Sep 20 20:17:52 2014 67000 checked
Sat Sep 20 20:38:27 2014 Could not look up http://www.worldcat.org/oclc/10559644 (repsonse code 404)
Sat Sep 20 20:40:50 2014 Could not look up http://www.worldcat.org/oclc/649554728 (repsonse code 404)
Sat Sep 20 20:41:01 2014 Could not look up http://www.worldcat.org/oclc/648031090 (repsonse code 404)
Sat Sep 20 20:43:00 2014 Could not look up http://www.worldcat.org/oclc/256278312 (repsonse code 404)
Sat Sep 20 20:46:21 2014 Could not look up http://www.worldcat.org/oclc/255657427 (repsonse code 404)
Sat Sep 20 20:46:32 2014 68000 checked
Sat Sep 20 20:47:59 2014 Could not look up http://www.worldcat.org/oclc/834771673 (repsonse code 404)
Sat Sep 20 20:48:09 2014 Could not look up http://worldcat.org/entity/work/id/1948408783 (repsonse code 404)
Sat Sep 20 21:04:44 2014 Could not look up http://www.worldcat.org/oclc/251503828 (repsonse code 404)
Sat Sep 20 21:14:22 2014 69000 checked
Sat Sep 20 21:21:35 2014 Could not look up http://www.worldcat.org/oclc/834483777 (repsonse code 404)
Sat Sep 20 21:42:21 2014 70000 checked
Sat Sep 20 21:51:37 2014 Could not look up http://www.worldcat.org/oclc/252245226 (repsonse code 404)
Sat Sep 20 22:08:52 2014 71000 checked
Sat Sep 20 22:19:20 2014 Could not look up http://www.worldcat.org/oclc/179990457 (repsonse code 500)
Sat Sep 20 22:34:42 2014 72000 checked
Sat Sep 20 23:00:09 2014 73000 checked
Sat Sep 20 23:25:38 2014 74000 checked
Sat Sep 20 23:51:05 2014 75000 checked
Sun Sep 21 00:16:22 2014 76000 checked
Sun Sep 21 00:41:46 2014 77000 checked
Sun Sep 21 01:06:58 2014 78000 checked
Sun Sep 21 01:25:07 2014 Could not look up http://worldcat.org/entity/work/id/2016085706 (repsonse code 404)
Sun Sep 21 01:32:23 2014 79000 checked
Sun Sep 21 01:57:37 2014 80000 checked
Sun Sep 21 02:20:52 2014 Could not look up http://worldcat.org/entity/work/id/1939638134 (repsonse code 404)
Sun Sep 21 02:23:04 2014 81000 checked
Sun Sep 21 02:38:47 2014 Could not look up http://worldcat.org/entity/work/id/1943341948 (repsonse code 404)
Sun Sep 21 02:48:25 2014 82000 checked
Sun Sep 21 03:09:08 2014 Could not look up http://worldcat.org/entity/work/id/1933059395 (repsonse code 404)
Sun Sep 21 03:13:32 2014 83000 checked
Sun Sep 21 03:24:55 2014 Could not look up http://worldcat.org/entity/work/id/1939929067 (repsonse code 404)
Sun Sep 21 03:38:52 2014 84000 checked
Sun Sep 21 03:53:23 2014 Could not look up http://www.worldcat.org/oclc/255045524 (repsonse code 500)
Sun Sep 21 04:01:13 2014 Could not look up http://worldcat.org/entity/work/id/2023032235 (repsonse code 404)
Sun Sep 21 04:03:27 2014 85000 checked
Sun Sep 21 04:28:31 2014 86000 checked
Sun Sep 21 04:53:35 2014 87000 checked
Sun Sep 21 05:18:47 2014 88000 checked
Sun Sep 21 05:21:01 2014 Could not look up http://worldcat.org/entity/work/id/144746015 (repsonse code 404)
Sun Sep 21 05:43:44 2014 89000 checked
Sun Sep 21 06:09:04 2014 90000 checked
Sun Sep 21 06:17:39 2014 Could not look up http://worldcat.org/entity/work/id/1938844456 (repsonse code 404)
Sun Sep 21 06:34:43 2014 91000 checked
Sun Sep 21 06:48:55 2014 Could not look up http://www.worldcat.org/oclc/255510719 (repsonse code 500)
Sun Sep 21 06:59:54 2014 92000 checked
Sun Sep 21 07:11:22 2014 Could not look up http://worldcat.org/entity/work/id/2015785809 (repsonse code 404)
Sun Sep 21 07:19:24 2014 Could not look up http://worldcat.org/entity/work/id/1940413780 (repsonse code 404)
Sun Sep 21 07:25:04 2014 93000 checked
Sun Sep 21 07:50:32 2014 94000 checked
Sun Sep 21 07:52:52 2014 Could not look up http://www.worldcat.org/oclc/648229972 (repsonse code 500)
Sun Sep 21 08:16:37 2014 95000 checked
Sun Sep 21 08:43:35 2014 96000 checked
Sun Sep 21 09:10:26 2014 97000 checked
Sun Sep 21 09:21:08 2014 Could not look up http://www.worldcat.org/oclc/246745003 (repsonse code 500)
Sun Sep 21 09:37:21 2014 98000 checked
Sun Sep 21 10:05:16 2014 99000 checked
Sun Sep 21 10:23:49 2014 Could not look up http://worldcat.org/entity/work/id/837026315 (repsonse code 404)
Sun Sep 21 10:30:11 2014 Could not look up http://www.worldcat.org/oclc/844194332 (repsonse code 500)
Sun Sep 21 10:30:51 2014 Could not look up http://www.worldcat.org/oclc/5220125 (repsonse code 500)
Sun Sep 21 10:33:43 2014 100000 checked
Sun Sep 21 10:33:44 2014 finish
